
ROM used:   2297/8192 (28%)
            2391/8192 (29%) including unused fragments

            1.6 Average locations per line
            9.9 Average locations per statement

RAM used:   55/368 (15%) at main() level
            102/368 (28%) worst case

Stack used: 8 worst case (6 in main + 2 for interrupts)
Stack size: 8

Lines Stmts  %   Files
----- ----- ---  -----
  358   149  64  Maquina_brigadeiro.c
  639     0   0  C:\Program Files (x86)\PICC 5\PICC\Devices\16F877.h
  456    84  36  C:\Program Files (x86)\PICC 5\PICC\Drivers\lcd.c
----- -----
 1453   233 Total

Page ROM  %  RAM   Vol Diff  Functions:
---- --- --- ---   --- ----  ----------
0     21   1    1             @delay_ms1
 Inline         3   596  5.9  lcd_read_byte
0      6   0    0    59  4.2  lcd_read_nibble
0     12   1    1   179  3.3  lcd_send_nibble
0     64   3    3   460  4.7  lcd_send_byte
0     62   3    6   814  7.2  lcd_init
0     18   1    4   208  6.3  lcd_gotoxy
0     44   2    1   354  4.7  lcd_putc
0    120   5    0   202  3.2  EXT_isr
0     20   1    0    59  2.6  TIMER0_isr
1    228  10    1  1054  4.3  MAIN
0      3   0    0             @const696
0     86   4    4             @PSTRINGC7_640
0     18   1    0             @const698
0     31   1    4             @SFTOI
 Inline         2   156  3.3  frequecimetro
0     29   1    2             @ITOF
0    138   6   13             @MULFF
0    217   9   14             @DIVFF
0    165   7    3   613  6.7  pid_control
0     46   2    6             @MULS1616
0    104   5    2   158  3.1  leitura
 Inline         5             @MUL1616
 Inline         5             @DIV1616
 Inline         2             @SITOF
0    130   6    9    83  3.2  pwm
0     72   3    3   884  5.9  comtroleMotor
0     41   2    0   252  4.6  contagem
1    115   5    6   314  4.2  escreveMemoria
0     34   1    6   210  4.1  lerMemoria
0      8   0    0             @const734
0     87   4    5             @PSTRINGCN7_640
0     21   1    3             @DIV88
 Inline         2             @PRINTF_U_640
0      7   0    0             @const743
 Inline         9             @PRINTF_LU_640
0     11   0    0             @const746
0     11   0    0             @const747
0     16   1    0             @const748
0     11   0    0             @const749
0    200   9    0   256  3.6  atualizaDisplay
0      8   0    0             @const752
0      7   0    0             @const753
 Inline         0             @cinit1

Program metrics:
    Functions               19
    Statements              233
    Comments                424
    Volume (V)              11897
    Difficulty (D)          81.6
    Effort to implement (E) 970993
    Time to implement (T)   14 hours, 59 minutes
    Est Delivered Bugs (B)  3
    Cyclomatic Complexity   29
    Maintainability (MI)    140

 Segment     Used  Free
-----------  ----  ----
00000-00003     4  0  
00004-00055    82  0  
00056-007FF  1868  94  
00800-00FFF   343  1705  
01000-017FF     0  2048  
01800-01FFF     0  2048  



