CCS PCM C Compiler, Version 5.015, 38112               19-jul-23 23:34

               Filename:   G:\Meu Drive\Maquina de brigadeiros\Firmawe\Maquina_brigadeiro.lst

               ROM used:   2297 words (28%)
                           Largest free fragment is 2048
               RAM used:   55 (15%) at main() level
                           102 (28%) worst case
               Stack used: 8 locations (6 in main + 2 for interrupts)
               Stack size: 8

*
0000:  MOVLW  08
0001:  MOVWF  0A
0002:  GOTO   073
0003:  NOP
0004:  MOVWF  7F
0005:  SWAPF  03,W
0006:  CLRF   03
0007:  MOVWF  21
0008:  MOVF   0A,W
0009:  MOVWF  20
000A:  CLRF   0A
000B:  MOVF   04,W
000C:  MOVWF  22
000D:  MOVF   77,W
000E:  MOVWF  23
000F:  MOVF   78,W
0010:  MOVWF  24
0011:  MOVF   79,W
0012:  MOVWF  25
0013:  MOVF   7A,W
0014:  MOVWF  26
0015:  BSF    03.6
0016:  MOVF   0D,W
0017:  BCF    03.6
0018:  MOVWF  27
0019:  BSF    03.6
001A:  MOVF   0F,W
001B:  BCF    03.6
001C:  MOVWF  28
001D:  BSF    03.6
001E:  MOVF   0C,W
001F:  BCF    03.6
0020:  MOVWF  29
0021:  BSF    03.6
0022:  MOVF   0E,W
0023:  BCF    03.6
0024:  MOVWF  2A
0025:  BCF    03.7
0026:  BCF    03.5
0027:  BTFSS  0B.4
0028:  GOTO   02B
0029:  BTFSC  0B.1
002A:  GOTO   050
002B:  BTFSS  0B.5
002C:  GOTO   02F
002D:  BTFSC  0B.2
002E:  GOTO   053
002F:  MOVF   22,W
0030:  MOVWF  04
0031:  MOVF   23,W
0032:  MOVWF  77
0033:  MOVF   24,W
0034:  MOVWF  78
0035:  MOVF   25,W
0036:  MOVWF  79
0037:  MOVF   26,W
0038:  MOVWF  7A
0039:  MOVF   27,W
003A:  BSF    03.6
003B:  MOVWF  0D
003C:  BCF    03.6
003D:  MOVF   28,W
003E:  BSF    03.6
003F:  MOVWF  0F
0040:  BCF    03.6
0041:  MOVF   29,W
0042:  BSF    03.6
0043:  MOVWF  0C
0044:  BCF    03.6
0045:  MOVF   2A,W
0046:  BSF    03.6
0047:  MOVWF  0E
0048:  BCF    03.6
0049:  MOVF   20,W
004A:  MOVWF  0A
004B:  SWAPF  21,W
004C:  MOVWF  03
004D:  SWAPF  7F,F
004E:  SWAPF  7F,W
004F:  RETFIE
0050:  BCF    0A.3
0051:  BCF    0A.4
0052:  GOTO   1F5
0053:  BCF    0A.3
0054:  BCF    0A.4
0055:  GOTO   26D
....................  
.................... ////////////////////////////////////////////////////////////////////////////////////////////////////////////// 
.................... //                                  Maquina de cortar brogadeiros 
.................... // 
.................... //   build 07/04/2023 by Raul 
.................... //  v2.0 REV. 100921 
.................... //   programmer CCS 5.015 
.................... //   debugger/programmer PICKit 3.10 
.................... //   microcontroler PIC 16f877 
.................... //   IDE CCS 5.015 
.................... //   schematic: Labcenter Proteus 8.9 
.................... //       @site:www.autorobotica.sp@gmail.com 
.................... //       @email: raulstar3@gmail.com , 
.................... //       www.linkedin.com/in/raulstar/, Instagram: @raulstar3,github.com/raulstar 
.................... //    External dependencies: 
....................  
.................... // 
.................... ////////////////////////////////////////////////////////////////////////////////////////////////////////////// 
.................... #include <16F877.h> // Inclui o arquivo de cabeçalho específico para o microcontrolador PIC16F877. 
.................... //////////// Standard Header file for the PIC16F877 device //////////////// 
.................... /////////////////////////////////////////////////////////////////////////// 
.................... ////        (C) Copyright 1996, 2013 Custom Computer Services          //// 
.................... //// This source code may only be used by licensed users of the CCS C  //// 
.................... //// compiler.  This source code may only be distributed to other      //// 
.................... //// licensed users of the CCS C compiler.  No other use, reproduction //// 
.................... //// or distribution is permitted without written permission.          //// 
.................... //// Derivative programs created using this software in object code    //// 
.................... //// form are not restricted in any way.                               //// 
.................... /////////////////////////////////////////////////////////////////////////// 
.................... #device PIC16F877 
0056:  MOVLW  8E
0057:  MOVWF  77
0058:  MOVF   6F,W
0059:  MOVWF  78
005A:  MOVF   6E,W
005B:  MOVWF  79
005C:  CLRF   7A
005D:  MOVF   78,F
005E:  BTFSS  03.2
005F:  GOTO   06A
0060:  MOVF   79,W
0061:  MOVWF  78
0062:  CLRF   79
0063:  MOVLW  08
0064:  SUBWF  77,F
0065:  MOVF   78,F
0066:  BTFSS  03.2
0067:  GOTO   06A
0068:  CLRF   77
0069:  GOTO   072
006A:  BCF    03.0
006B:  BTFSC  78.7
006C:  GOTO   071
006D:  RLF    79,F
006E:  RLF    78,F
006F:  DECF   77,F
0070:  GOTO   06A
0071:  BCF    78.7
0072:  RETURN
0073:  MOVF   6E,W
0074:  BTFSC  03.2
0075:  GOTO   0F6
0076:  BSF    03.5
0077:  MOVWF  20
0078:  MOVF   72,W
0079:  BTFSS  03.2
007A:  GOTO   07D
007B:  BCF    03.5
007C:  GOTO   0F6
007D:  ADDWF  20,F
007E:  BTFSC  03.0
007F:  GOTO   08B
0080:  MOVLW  7F
0081:  SUBWF  20,F
0082:  BTFSC  03.0
0083:  GOTO   086
0084:  BCF    03.5
0085:  GOTO   0F6
0086:  BTFSS  03.2
0087:  GOTO   08A
0088:  BCF    03.5
0089:  GOTO   0F6
008A:  GOTO   091
008B:  MOVLW  81
008C:  ADDWF  20,F
008D:  BTFSS  03.0
008E:  GOTO   091
008F:  BCF    03.5
0090:  GOTO   0F6
0091:  MOVF   20,W
0092:  MOVWF  77
0093:  CLRF   78
0094:  CLRF   79
0095:  CLRF   7A
0096:  BCF    03.5
0097:  MOVF   6F,W
0098:  BSF    03.5
0099:  MOVWF  24
009A:  BSF    24.7
009B:  MOVF   70,W
009C:  MOVWF  23
009D:  MOVF   71,W
009E:  MOVWF  22
009F:  MOVLW  18
00A0:  MOVWF  20
00A1:  CLRF   21
00A2:  BTFSS  22.0
00A3:  GOTO   0BC
00A4:  MOVF   75,W
00A5:  ADDWF  7A,F
00A6:  BTFSS  03.0
00A7:  GOTO   0AE
00A8:  INCF   79,F
00A9:  BTFSS  03.2
00AA:  GOTO   0AE
00AB:  INCF   78,F
00AC:  BTFSC  03.2
00AD:  BSF    21.7
00AE:  MOVF   74,W
00AF:  ADDWF  79,F
00B0:  BTFSS  03.0
00B1:  GOTO   0B5
00B2:  INCF   78,F
00B3:  BTFSC  03.2
00B4:  BSF    21.7
00B5:  MOVF   73,W
00B6:  MOVWF  70
00B7:  BSF    70.7
00B8:  MOVF   70,W
00B9:  ADDWF  78,F
00BA:  BTFSC  03.0
00BB:  BSF    21.7
00BC:  RLF    21,F
00BD:  RRF    78,F
00BE:  RRF    79,F
00BF:  RRF    7A,F
00C0:  RRF    24,F
00C1:  RRF    23,F
00C2:  RRF    22,F
00C3:  BCF    03.0
00C4:  DECFSZ 20,F
00C5:  GOTO   0A1
00C6:  MOVLW  01
00C7:  ADDWF  77,F
00C8:  BTFSS  03.0
00C9:  GOTO   0CC
00CA:  BCF    03.5
00CB:  GOTO   0F6
00CC:  BTFSC  78.7
00CD:  GOTO   0D6
00CE:  RLF    24,F
00CF:  RLF    7A,F
00D0:  RLF    79,F
00D1:  RLF    78,F
00D2:  DECFSZ 77,F
00D3:  GOTO   0D6
00D4:  BCF    03.5
00D5:  GOTO   0F6
00D6:  BTFSS  24.7
00D7:  GOTO   0E9
00D8:  INCF   7A,F
00D9:  BTFSS  03.2
00DA:  GOTO   0E9
00DB:  INCF   79,F
00DC:  BTFSS  03.2
00DD:  GOTO   0E9
00DE:  INCF   78,F
00DF:  BTFSS  03.2
00E0:  GOTO   0E9
00E1:  RRF    78,F
00E2:  RRF    79,F
00E3:  RRF    7A,F
00E4:  INCF   77,F
00E5:  BTFSS  03.2
00E6:  GOTO   0E9
00E7:  BCF    03.5
00E8:  GOTO   0F6
00E9:  BCF    03.5
00EA:  MOVF   6F,W
00EB:  BSF    03.5
00EC:  MOVWF  21
00ED:  MOVF   73,W
00EE:  XORWF  21,F
00EF:  BTFSS  21.7
00F0:  GOTO   0F3
00F1:  BSF    78.7
00F2:  GOTO   0FB
00F3:  BCF    78.7
00F4:  GOTO   0FB
00F5:  BCF    03.5
00F6:  CLRF   77
00F7:  CLRF   78
00F8:  CLRF   79
00F9:  CLRF   7A
00FA:  BSF    03.5
00FB:  BCF    03.5
00FC:  RETURN
00FD:  MOVF   73,W
00FE:  BTFSC  03.2
00FF:  GOTO   1CF
0100:  BSF    03.5
0101:  MOVWF  24
0102:  MOVF   7B,W
0103:  BTFSS  03.2
0104:  GOTO   107
0105:  BCF    03.5
0106:  GOTO   1CF
0107:  SUBWF  24,F
0108:  BTFSS  03.0
0109:  GOTO   111
010A:  MOVLW  7F
010B:  ADDWF  24,F
010C:  BTFSS  03.0
010D:  GOTO   110
010E:  BCF    03.5
010F:  GOTO   1CF
0110:  GOTO   11B
0111:  MOVLW  81
0112:  SUBWF  24,F
0113:  BTFSC  03.0
0114:  GOTO   117
0115:  BCF    03.5
0116:  GOTO   1CF
0117:  BTFSS  03.2
0118:  GOTO   11B
0119:  BCF    03.5
011A:  GOTO   1CF
011B:  MOVF   24,W
011C:  MOVWF  77
011D:  CLRF   78
011E:  CLRF   79
011F:  CLRF   7A
0120:  CLRF   23
0121:  MOVF   74,W
0122:  MOVWF  22
0123:  BSF    22.7
0124:  MOVF   75,W
0125:  MOVWF  21
0126:  MOVF   76,W
0127:  MOVWF  20
0128:  MOVLW  19
0129:  MOVWF  24
012A:  MOVF   7E,W
012B:  SUBWF  20,F
012C:  BTFSC  03.0
012D:  GOTO   13E
012E:  MOVLW  01
012F:  SUBWF  21,F
0130:  BTFSC  03.0
0131:  GOTO   13E
0132:  SUBWF  22,F
0133:  BTFSC  03.0
0134:  GOTO   13E
0135:  SUBWF  23,F
0136:  BTFSC  03.0
0137:  GOTO   13E
0138:  INCF   23,F
0139:  INCF   22,F
013A:  INCF   21,F
013B:  MOVF   7E,W
013C:  ADDWF  20,F
013D:  GOTO   170
013E:  MOVF   7D,W
013F:  SUBWF  21,F
0140:  BTFSC  03.0
0141:  GOTO   159
0142:  MOVLW  01
0143:  SUBWF  22,F
0144:  BTFSC  03.0
0145:  GOTO   159
0146:  SUBWF  23,F
0147:  BTFSC  03.0
0148:  GOTO   159
0149:  INCF   23,F
014A:  INCF   22,F
014B:  MOVF   7D,W
014C:  ADDWF  21,F
014D:  MOVF   7E,W
014E:  ADDWF  20,F
014F:  BTFSS  03.0
0150:  GOTO   170
0151:  INCF   21,F
0152:  BTFSS  03.2
0153:  GOTO   170
0154:  INCF   22,F
0155:  BTFSS  03.2
0156:  GOTO   170
0157:  INCF   23,F
0158:  GOTO   170
0159:  MOVF   7C,W
015A:  IORLW  80
015B:  SUBWF  22,F
015C:  BTFSC  03.0
015D:  GOTO   16F
015E:  MOVLW  01
015F:  SUBWF  23,F
0160:  BTFSC  03.0
0161:  GOTO   16F
0162:  INCF   23,F
0163:  MOVF   7C,W
0164:  IORLW  80
0165:  ADDWF  22,F
0166:  MOVF   7D,W
0167:  ADDWF  21,F
0168:  BTFSS  03.0
0169:  GOTO   14D
016A:  INCF   22,F
016B:  BTFSS  03.2
016C:  GOTO   14D
016D:  INCF   23,F
016E:  GOTO   14D
016F:  BSF    7A.0
0170:  DECFSZ 24,F
0171:  GOTO   173
0172:  GOTO   17E
0173:  BCF    03.0
0174:  RLF    20,F
0175:  RLF    21,F
0176:  RLF    22,F
0177:  RLF    23,F
0178:  BCF    03.0
0179:  RLF    7A,F
017A:  RLF    79,F
017B:  RLF    78,F
017C:  RLF    25,F
017D:  GOTO   12A
017E:  BTFSS  25.0
017F:  GOTO   186
0180:  BCF    03.0
0181:  RRF    78,F
0182:  RRF    79,F
0183:  RRF    7A,F
0184:  RRF    25,F
0185:  GOTO   18A
0186:  DECFSZ 77,F
0187:  GOTO   18A
0188:  BCF    03.5
0189:  GOTO   1CF
018A:  BTFSC  25.7
018B:  GOTO   1B3
018C:  BCF    03.0
018D:  RLF    20,F
018E:  RLF    21,F
018F:  RLF    22,F
0190:  RLF    23,F
0191:  MOVF   7E,W
0192:  SUBWF  20,F
0193:  BTFSC  03.0
0194:  GOTO   19F
0195:  MOVLW  01
0196:  SUBWF  21,F
0197:  BTFSC  03.0
0198:  GOTO   19F
0199:  SUBWF  22,F
019A:  BTFSC  03.0
019B:  GOTO   19F
019C:  SUBWF  23,F
019D:  BTFSS  03.0
019E:  GOTO   1C4
019F:  MOVF   7D,W
01A0:  SUBWF  21,F
01A1:  BTFSC  03.0
01A2:  GOTO   1AA
01A3:  MOVLW  01
01A4:  SUBWF  22,F
01A5:  BTFSC  03.0
01A6:  GOTO   1AA
01A7:  SUBWF  23,F
01A8:  BTFSS  03.0
01A9:  GOTO   1C4
01AA:  MOVF   7C,W
01AB:  IORLW  80
01AC:  SUBWF  22,F
01AD:  BTFSC  03.0
01AE:  GOTO   1B3
01AF:  MOVLW  01
01B0:  SUBWF  23,F
01B1:  BTFSS  03.0
01B2:  GOTO   1C4
01B3:  INCF   7A,F
01B4:  BTFSS  03.2
01B5:  GOTO   1C4
01B6:  INCF   79,F
01B7:  BTFSS  03.2
01B8:  GOTO   1C4
01B9:  INCF   78,F
01BA:  BTFSS  03.2
01BB:  GOTO   1C4
01BC:  INCF   77,F
01BD:  BTFSS  03.2
01BE:  GOTO   1C1
01BF:  BCF    03.5
01C0:  GOTO   1CF
01C1:  RRF    78,F
01C2:  RRF    79,F
01C3:  RRF    7A,F
01C4:  MOVF   74,W
01C5:  MOVWF  24
01C6:  MOVF   7C,W
01C7:  XORWF  24,F
01C8:  BTFSS  24.7
01C9:  GOTO   1CC
01CA:  BSF    78.7
01CB:  GOTO   1D4
01CC:  BCF    78.7
01CD:  GOTO   1D4
01CE:  BCF    03.5
01CF:  CLRF   77
01D0:  CLRF   78
01D1:  CLRF   79
01D2:  CLRF   7A
01D3:  BSF    03.5
01D4:  BCF    03.5
01D5:  RETURN
01D6:  MOVLW  8E
01D7:  MOVWF  77
01D8:  MOVF   6E,W
01D9:  SUBWF  77,F
01DA:  MOVF   6F,W
01DB:  MOVWF  79
01DC:  MOVF   70,W
01DD:  MOVWF  78
01DE:  BSF    79.7
01DF:  MOVF   77,F
01E0:  BTFSC  03.2
01E1:  GOTO   1ED
01E2:  BCF    03.0
01E3:  MOVF   79,F
01E4:  BTFSS  03.2
01E5:  GOTO   1E9
01E6:  MOVF   78,F
01E7:  BTFSC  03.2
01E8:  GOTO   1ED
01E9:  RRF    79,F
01EA:  RRF    78,F
01EB:  DECFSZ 77,F
01EC:  GOTO   1E2
01ED:  BTFSS  6F.7
01EE:  GOTO   1F4
01EF:  COMF   78,F
01F0:  COMF   79,F
01F1:  INCF   78,F
01F2:  BTFSC  03.2
01F3:  INCF   79,F
01F4:  RETURN
*
0281:  DATA 65,18
0282:  DATA 0D,05
0283:  DATA 00,00
0284:  DATA 8C,21
0285:  DATA 6F,39
0286:  DATA F4,30
0287:  DATA 20,21
0288:  DATA F2,34
0289:  DATA E7,30
028A:  DATA E4,32
028B:  DATA 69,39
028C:  DATA EF,39
028D:  DATA 0A,10
028E:  DATA 20,10
028F:  DATA 20,10
0290:  DATA 20,10
0291:  DATA 20,10
0292:  DATA 20,10
0293:  DATA 76,19
0294:  DATA 2E,18
0295:  DATA 00,00
0296:  DATA 0C,2B
0297:  DATA 65,36
0298:  DATA EF,31
0299:  DATA 69,32
029A:  DATA 61,32
029B:  DATA 65,10
029C:  DATA A5,3A
029D:  DATA 00,00
029E:  DATA C3,37
029F:  DATA 6E,3A
02A0:  DATA 61,32
02A1:  DATA 6F,39
02A2:  DATA A0,12
02A3:  DATA EC,3A
02A4:  DATA 20,00
02A5:  DATA 0C,3B
02A6:  DATA 65,36
02A7:  DATA EF,31
02A8:  DATA 69,32
02A9:  DATA 61,32
02AA:  DATA 65,10
02AB:  DATA A5,3A
02AC:  DATA 0A,10
02AD:  DATA F3,37
02AE:  DATA E2,32
02AF:  DATA 00,01
02B0:  DATA 0C,3B
02B1:  DATA 65,36
02B2:  DATA EF,31
02B3:  DATA 69,32
02B4:  DATA 61,32
02B5:  DATA 65,10
02B6:  DATA A5,3A
02B7:  DATA 0A,10
02B8:  DATA E4,32
02B9:  DATA F3,31
02BA:  DATA 65,00
02BB:  DATA 0C,3B
02BC:  DATA 65,36
02BD:  DATA EF,31
02BE:  DATA 69,32
02BF:  DATA 61,32
02C0:  DATA 65,10
02C1:  DATA A5,3A
02C2:  DATA 0A,10
02C3:  DATA EC,34
02C4:  DATA ED,34
02C5:  DATA F4,32
02C6:  DATA A0,34
02C7:  DATA 6E,33
02C8:  DATA 65,39
02C9:  DATA E9,37
02CA:  DATA 72,00
02CB:  DATA 0C,3B
02CC:  DATA 65,36
02CD:  DATA EF,31
02CE:  DATA 69,32
02CF:  DATA 61,32
02D0:  DATA 65,10
02D1:  DATA A5,3A
02D2:  DATA 0A,10
02D3:  DATA E4,32
02D4:  DATA F3,31
02D5:  DATA 65,00
02D6:  DATA 0C,2B
02D7:  DATA 65,36
02D8:  DATA EF,31
02D9:  DATA 69,32
02DA:  DATA 61,32
02DB:  DATA 65,10
02DC:  DATA A5,3A
02DD:  DATA 00,01
02DE:  DATA C3,37
02DF:  DATA 6E,3A
02E0:  DATA E1,33
02E1:  DATA E5,36
02E2:  DATA A0,12
02E3:  DATA EC,3A
02E4:  DATA 20,00
*
03EA:  MOVF   0B,W
03EB:  MOVWF  51
03EC:  BCF    0B.7
03ED:  BSF    03.5
03EE:  BSF    03.6
03EF:  BSF    0C.7
03F0:  BSF    0C.0
03F1:  NOP
03F2:  NOP
03F3:  BCF    03.5
03F4:  BCF    03.6
03F5:  BTFSC  51.7
03F6:  BSF    0B.7
03F7:  BSF    03.6
03F8:  MOVF   0C,W
03F9:  ANDLW  7F
03FA:  BTFSC  03.2
03FB:  GOTO   43E
03FC:  BCF    03.6
03FD:  MOVWF  51
03FE:  BSF    03.6
03FF:  MOVF   0D,W
0400:  BCF    03.6
0401:  MOVWF  52
0402:  BSF    03.6
0403:  MOVF   0F,W
0404:  BCF    03.6
0405:  MOVWF  53
0406:  MOVF   51,W
0407:  MOVWF  5A
0408:  CALL   3BE
0409:  MOVF   52,W
040A:  BSF    03.6
040B:  MOVWF  0D
040C:  BCF    03.6
040D:  MOVF   53,W
040E:  BSF    03.6
040F:  MOVWF  0F
0410:  BCF    03.6
0411:  MOVF   0B,W
0412:  MOVWF  54
0413:  BCF    0B.7
0414:  BSF    03.5
0415:  BSF    03.6
0416:  BSF    0C.7
0417:  BSF    0C.0
0418:  NOP
0419:  NOP
041A:  BCF    03.5
041B:  BCF    03.6
041C:  BTFSC  54.7
041D:  BSF    0B.7
041E:  BSF    03.6
041F:  RLF    0C,W
0420:  RLF    0E,W
0421:  ANDLW  7F
0422:  BTFSC  03.2
0423:  GOTO   43E
0424:  BCF    03.6
0425:  MOVWF  51
0426:  BSF    03.6
0427:  MOVF   0D,W
0428:  BCF    03.6
0429:  MOVWF  52
042A:  BSF    03.6
042B:  MOVF   0F,W
042C:  BCF    03.6
042D:  MOVWF  53
042E:  MOVF   51,W
042F:  MOVWF  5A
0430:  CALL   3BE
0431:  MOVF   52,W
0432:  BSF    03.6
0433:  MOVWF  0D
0434:  BCF    03.6
0435:  MOVF   53,W
0436:  BSF    03.6
0437:  MOVWF  0F
0438:  INCF   0D,F
0439:  BTFSC  03.2
043A:  INCF   0F,F
043B:  BCF    03.6
043C:  GOTO   3EA
043D:  BSF    03.6
043E:  BCF    03.6
043F:  RETURN
*
045C:  MOVLW  10
045D:  MOVWF  57
045E:  CLRF   77
045F:  CLRF   7A
0460:  RRF    54,F
0461:  RRF    53,F
0462:  BTFSS  03.0
0463:  GOTO   46A
0464:  MOVF   55,W
0465:  ADDWF  77,F
0466:  BTFSC  03.0
0467:  INCF   7A,F
0468:  MOVF   56,W
0469:  ADDWF  7A,F
046A:  RRF    7A,F
046B:  RRF    77,F
046C:  RRF    79,F
046D:  RRF    78,F
046E:  DECFSZ 57,F
046F:  GOTO   460
*
047B:  CLRF   78
047C:  CLRF   79
047D:  CLRF   77
047E:  CLRF   7A
047F:  MOVF   56,W
0480:  BTFSS  03.2
0481:  GOTO   485
0482:  MOVF   55,W
0483:  BTFSC  03.2
0484:  GOTO   49F
0485:  MOVLW  10
0486:  MOVWF  57
0487:  BCF    03.0
0488:  RLF    53,F
0489:  RLF    54,F
048A:  RLF    77,F
048B:  RLF    7A,F
048C:  MOVF   56,W
048D:  SUBWF  7A,W
048E:  BTFSS  03.2
048F:  GOTO   492
0490:  MOVF   55,W
0491:  SUBWF  77,W
0492:  BTFSS  03.0
0493:  GOTO   49B
0494:  MOVF   55,W
0495:  SUBWF  77,F
0496:  BTFSS  03.0
0497:  DECF   7A,F
0498:  MOVF   56,W
0499:  SUBWF  7A,F
049A:  BSF    03.0
049B:  RLF    78,F
049C:  RLF    79,F
049D:  DECFSZ 57,F
049E:  GOTO   487
*
04A8:  MOVF   55,W
04A9:  XORWF  57,W
04AA:  ANDLW  80
04AB:  MOVWF  59
04AC:  BTFSS  55.7
04AD:  GOTO   4B3
04AE:  COMF   54,F
04AF:  COMF   55,F
04B0:  INCF   54,F
04B1:  BTFSC  03.2
04B2:  INCF   55,F
04B3:  BTFSS  57.7
04B4:  GOTO   4BA
04B5:  COMF   56,F
04B6:  COMF   57,F
04B7:  INCF   56,F
04B8:  BTFSC  03.2
04B9:  INCF   57,F
04BA:  MOVLW  10
04BB:  MOVWF  58
04BC:  CLRF   77
04BD:  CLRF   7A
04BE:  RRF    55,F
04BF:  RRF    54,F
04C0:  BTFSS  03.0
04C1:  GOTO   4C8
04C2:  MOVF   56,W
04C3:  ADDWF  77,F
04C4:  BTFSC  03.0
04C5:  INCF   7A,F
04C6:  MOVF   57,W
04C7:  ADDWF  7A,F
04C8:  RRF    7A,F
04C9:  RRF    77,F
04CA:  RRF    79,F
04CB:  RRF    78,F
04CC:  DECFSZ 58,F
04CD:  GOTO   4BE
04CE:  BTFSS  59.7
04CF:  GOTO   4D5
04D0:  COMF   78,F
04D1:  COMF   79,F
04D2:  INCF   78,F
04D3:  BTFSC  03.2
04D4:  INCF   79,F
04D5:  RETURN
*
05AF:  MOVLW  8E
05B0:  MOVWF  77
05B1:  MOVF   5B,W
05B2:  MOVWF  78
05B3:  MOVF   5A,W
05B4:  MOVWF  79
05B5:  CLRF   7A
05B6:  BTFSS  5B.7
05B7:  GOTO   5BD
05B8:  COMF   78,F
05B9:  COMF   79,F
05BA:  INCF   79,F
05BB:  BTFSC  03.2
05BC:  INCF   78,F
05BD:  MOVF   78,F
05BE:  BTFSS  03.2
05BF:  GOTO   5CA
05C0:  MOVF   79,W
05C1:  MOVWF  78
05C2:  CLRF   79
05C3:  MOVLW  08
05C4:  SUBWF  77,F
05C5:  MOVF   78,F
05C6:  BTFSS  03.2
05C7:  GOTO   5CA
05C8:  CLRF   77
05C9:  GOTO   5D3
05CA:  BCF    03.0
05CB:  BTFSC  78.7
05CC:  GOTO   5D1
05CD:  RLF    79,F
05CE:  RLF    78,F
05CF:  DECF   77,F
05D0:  GOTO   5CA
05D1:  BTFSS  5B.7
05D2:  BCF    78.7
05D3:  CLRF   2B
05D4:  BTFSC  0B.7
05D5:  BSF    2B.7
05D6:  BCF    0B.7
*
0626:  MOVF   0B,W
0627:  MOVWF  52
0628:  BCF    0B.7
0629:  BSF    03.5
062A:  BSF    03.6
062B:  BSF    0C.7
062C:  BSF    0C.0
062D:  NOP
062E:  NOP
062F:  BCF    03.5
0630:  BCF    03.6
0631:  BTFSC  52.7
0632:  BSF    0B.7
0633:  BTFSC  03.0
0634:  GOTO   65D
0635:  BSF    03.6
0636:  MOVF   0C,W
0637:  ANDLW  7F
0638:  BCF    03.6
0639:  MOVWF  52
063A:  BSF    03.6
063B:  MOVF   0D,W
063C:  BCF    03.6
063D:  MOVWF  53
063E:  BSF    03.6
063F:  MOVF   0F,W
0640:  BCF    03.6
0641:  MOVWF  54
0642:  MOVF   52,W
0643:  MOVWF  5A
0644:  CALL   3BE
0645:  MOVF   53,W
0646:  BSF    03.6
0647:  MOVWF  0D
0648:  BCF    03.6
0649:  MOVF   54,W
064A:  BSF    03.6
064B:  MOVWF  0F
064C:  BCF    03.6
064D:  MOVF   0B,W
064E:  MOVWF  55
064F:  BCF    0B.7
0650:  BSF    03.5
0651:  BSF    03.6
0652:  BSF    0C.7
0653:  BSF    0C.0
0654:  NOP
0655:  NOP
0656:  BCF    03.5
0657:  BCF    03.6
0658:  BTFSC  55.7
0659:  BSF    0B.7
065A:  DECFSZ 51,F
065B:  GOTO   65D
065C:  GOTO   67C
065D:  BSF    03.6
065E:  RLF    0C,W
065F:  RLF    0E,W
0660:  ANDLW  7F
0661:  BCF    03.6
0662:  MOVWF  52
0663:  BSF    03.6
0664:  MOVF   0D,W
0665:  BCF    03.6
0666:  MOVWF  53
0667:  BSF    03.6
0668:  MOVF   0F,W
0669:  BCF    03.6
066A:  MOVWF  54
066B:  MOVF   52,W
066C:  MOVWF  5A
066D:  CALL   3BE
066E:  MOVF   53,W
066F:  BSF    03.6
0670:  MOVWF  0D
0671:  BCF    03.6
0672:  MOVF   54,W
0673:  BSF    03.6
0674:  MOVWF  0F
0675:  INCF   0D,F
0676:  BTFSC  03.2
0677:  INCF   0F,F
0678:  BCF    03.0
0679:  BCF    03.6
067A:  DECFSZ 51,F
067B:  GOTO   626
067C:  RETURN
067D:  MOVF   54,W
067E:  CLRF   78
067F:  SUBWF  53,W
0680:  BTFSC  03.0
0681:  GOTO   685
0682:  MOVF   53,W
0683:  MOVWF  77
0684:  GOTO   691
0685:  CLRF   77
0686:  MOVLW  08
0687:  MOVWF  55
0688:  RLF    53,F
0689:  RLF    77,F
068A:  MOVF   54,W
068B:  SUBWF  77,W
068C:  BTFSC  03.0
068D:  MOVWF  77
068E:  RLF    78,F
068F:  DECFSZ 55,F
0690:  GOTO   688
0691:  RETURN
*
06AA:  MOVF   51,W
06AB:  MOVWF  53
06AC:  MOVLW  64
06AD:  MOVWF  54
06AE:  CALL   67D
06AF:  MOVF   77,W
06B0:  MOVWF  51
06B1:  MOVF   78,W
06B2:  MOVLW  30
06B3:  BTFSS  03.2
06B4:  GOTO   6BC
06B5:  BTFSS  52.1
06B6:  GOTO   6C3
06B7:  BTFSC  52.3
06B8:  GOTO   6C3
06B9:  BTFSC  52.4
06BA:  MOVLW  20
06BB:  GOTO   6BF
06BC:  BCF    52.3
06BD:  BCF    52.4
06BE:  BSF    52.0
06BF:  ADDWF  78,F
06C0:  MOVF   78,W
06C1:  MOVWF  5A
06C2:  CALL   3BE
06C3:  MOVF   51,W
06C4:  MOVWF  53
06C5:  MOVLW  0A
06C6:  MOVWF  54
06C7:  CALL   67D
06C8:  MOVF   77,W
06C9:  MOVWF  51
06CA:  MOVF   78,W
06CB:  MOVLW  30
06CC:  BTFSS  03.2
06CD:  GOTO   6D4
06CE:  BTFSC  52.3
06CF:  GOTO   6D8
06D0:  BTFSS  52.0
06D1:  GOTO   6D8
06D2:  BTFSC  52.4
06D3:  MOVLW  20
06D4:  ADDWF  78,F
06D5:  MOVF   78,W
06D6:  MOVWF  5A
06D7:  CALL   3BE
06D8:  MOVLW  30
06D9:  ADDWF  51,F
06DA:  MOVF   51,W
06DB:  MOVWF  5A
06DC:  CALL   3BE
*
06F2:  CLRF   59
06F3:  MOVF   04,W
06F4:  MOVWF  58
06F5:  BCF    59.0
06F6:  BTFSC  03.7
06F7:  BSF    59.0
06F8:  SWAPF  52,W
06F9:  IORLW  F0
06FA:  MOVWF  54
06FB:  ADDWF  54,F
06FC:  ADDLW  E2
06FD:  MOVWF  55
06FE:  ADDLW  32
06FF:  MOVWF  57
0700:  MOVF   52,W
0701:  ANDLW  0F
0702:  ADDWF  55,F
0703:  ADDWF  55,F
0704:  ADDWF  57,F
0705:  ADDLW  E9
0706:  MOVWF  56
0707:  ADDWF  56,F
0708:  ADDWF  56,F
0709:  SWAPF  51,W
070A:  ANDLW  0F
070B:  ADDWF  56,F
070C:  ADDWF  57,F
070D:  RLF    56,F
070E:  RLF    57,F
070F:  COMF   57,F
0710:  RLF    57,F
0711:  MOVF   51,W
0712:  ANDLW  0F
0713:  ADDWF  57,F
0714:  RLF    54,F
0715:  MOVLW  07
0716:  MOVWF  53
0717:  MOVLW  0A
0718:  ADDWF  57,F
0719:  DECF   56,F
071A:  BTFSS  03.0
071B:  GOTO   718
071C:  ADDWF  56,F
071D:  DECF   55,F
071E:  BTFSS  03.0
071F:  GOTO   71C
0720:  ADDWF  55,F
0721:  DECF   54,F
0722:  BTFSS  03.0
0723:  GOTO   720
0724:  ADDWF  54,F
0725:  DECF   53,F
0726:  BTFSS  03.0
0727:  GOTO   724
0728:  MOVLW  53
0729:  MOVWF  04
072A:  BCF    03.7
072B:  MOVLW  07
072C:  ANDWF  58,W
072D:  BCF    58.6
072E:  ADDWF  04,F
072F:  MOVLW  57
0730:  SUBWF  04,W
0731:  BTFSC  03.2
0732:  BSF    58.6
0733:  MOVF   00,W
0734:  MOVWF  77
0735:  BTFSS  03.2
0736:  GOTO   73F
0737:  BTFSC  58.6
0738:  GOTO   73F
0739:  BTFSC  58.4
073A:  GOTO   751
073B:  BTFSC  58.3
073C:  GOTO   73F
073D:  MOVLW  20
073E:  GOTO   742
073F:  BSF    58.3
0740:  BCF    58.4
0741:  MOVLW  30
0742:  ADDWF  77,F
0743:  CLRF   52
0744:  MOVF   04,W
0745:  MOVWF  51
0746:  BCF    52.0
0747:  BTFSC  03.7
0748:  BSF    52.0
0749:  MOVF   77,W
074A:  MOVWF  5A
074B:  CALL   3BE
074C:  MOVF   51,W
074D:  MOVWF  04
074E:  BCF    03.7
074F:  BTFSC  52.0
0750:  BSF    03.7
0751:  INCF   04,F
0752:  BTFSS  58.6
0753:  GOTO   72F
....................  
.................... #list 
....................  
....................  
.................... #FUSES WDT        // No Watch Dog Timer - Desativa o Watchdog Timer. 
.................... #FUSES PUT        // Power Up Timer - Ativa o Power-Up Timer. 
.................... #FUSES NOBROWNOUT // No brownout reset - Desativa o reset por brownout. 
.................... #FUSES NOLVP      // No low voltage prgming, B3(PIC16) or B5(PIC18) used for I/O - Desativa a programaçăo de baixa tensăo e define o pino B3 (PIC16) ou B5 (PIC18) para I/O. 
....................  
.................... #DEVICE ADC = 10 // Configura a precisăo do conversor analógico-digital (ADC) para 10 bits. 
....................  
.................... #use delay(crystal = 4000000) // Configura a funçăo de delay para usar um oscilador de cristal de 4 MHz como fonte de clock. 
*
0307:  MOVLW  5B
0308:  MOVWF  04
0309:  BCF    03.7
030A:  MOVF   00,W
030B:  BTFSC  03.2
030C:  GOTO   31B
030D:  MOVLW  01
030E:  MOVWF  78
030F:  CLRF   77
0310:  DECFSZ 77,F
0311:  GOTO   310
0312:  DECFSZ 78,F
0313:  GOTO   30F
0314:  MOVLW  4A
0315:  MOVWF  77
0316:  DECFSZ 77,F
0317:  GOTO   316
0318:  GOTO   319
0319:  DECFSZ 00,F
031A:  GOTO   30D
031B:  RETURN
....................  
.................... #include <lcd.c> // Inclui o arquivo "lcd.c" que contém funçőes para o display LCD. 
.................... /////////////////////////////////////////////////////////////////////////////// 
.................... ////                             LCD.C                                     //// 
.................... ////                 Driver for common LCD modules                         //// 
.................... ////                                                                       //// 
.................... ////  lcd_init()   Must be called before any other function.               //// 
.................... ////                                                                       //// 
.................... ////  lcd_putc(c)  Will display c on the next position of the LCD.         //// 
.................... ////                 \a  Set cursor position to upper left                 //// 
.................... ////                 \f  Clear display, set cursor to upper left           //// 
.................... ////                 \n  Go to start of second line                        //// 
.................... ////                 \b  Move back one position                            //// 
.................... ////              If LCD_EXTENDED_NEWLINE is defined, the \n character     //// 
.................... ////              will erase all remanining characters on the current      //// 
.................... ////              line, and move the cursor to the beginning of the next   //// 
.................... ////              line.                                                    //// 
.................... ////              If LCD_EXTENDED_NEWLINE is defined, the \r character     //// 
.................... ////              will move the cursor to the start of the current         //// 
.................... ////              line.                                                    //// 
.................... ////                                                                       //// 
.................... ////  lcd_gotoxy(x,y) Set write position on LCD (upper left is 1,1)        //// 
.................... ////                                                                       //// 
.................... ////  lcd_getc(x,y)   Returns character at position x,y on LCD             //// 
.................... ////                                                                       //// 
.................... ////  lcd_cursor_on(int1 on)   Turn the cursor on (on=TRUE) or off         //// 
.................... ////              (on=FALSE).                                              //// 
.................... ////                                                                       //// 
.................... ////  lcd_set_cgram_char(w, *p)   Write a custom character to the CGRAM.   //// 
.................... ////                                                                       //// 
.................... ////                                                                       //// 
.................... ////  CONFIGURATION                                                        //// 
.................... ////  The LCD can be configured in one of two ways: a.) port access or     //// 
.................... ////  b.) pin access.  Port access requires the entire 7 bit interface     //// 
.................... ////  connected to one GPIO port, and the data bits (D4:D7 of the LCD)     //// 
.................... ////  connected to sequential pins on the GPIO.  Pin access                //// 
.................... ////  has no requirements, all 7 bits of the control interface can         //// 
.................... ////  can be connected to any GPIO using several ports.                    //// 
.................... ////                                                                       //// 
.................... ////  To use port access, #define LCD_DATA_PORT to the SFR location of     //// 
.................... ////  of the GPIO port that holds the interface, -AND- edit LCD_PIN_MAP    //// 
.................... ////  of this file to configure the pin order.  If you are using a         //// 
.................... ////  baseline PIC (PCB), then LCD_OUTPUT_MAP and LCD_INPUT_MAP also must  //// 
.................... ////  be defined.                                                          //// 
.................... ////                                                                       //// 
.................... ////  Example of port access:                                              //// 
.................... ////     #define LCD_DATA_PORT getenv("SFR:PORTD")                         //// 
.................... ////                                                                       //// 
.................... ////  To use pin access, the following pins must be defined:               //// 
.................... ////     LCD_ENABLE_PIN                                                    //// 
.................... ////     LCD_RS_PIN                                                        //// 
.................... ////     LCD_RW_PIN                                                        //// 
.................... ////     LCD_DATA4                                                         //// 
.................... ////     LCD_DATA5                                                         //// 
.................... ////     LCD_DATA6                                                         //// 
.................... ////     LCD_DATA7                                                         //// 
.................... ////                                                                       //// 
.................... ////  Example of pin access:                                               //// 
.................... ////     #define LCD_ENABLE_PIN  PIN_E0                                    //// 
.................... ////     #define LCD_RS_PIN      PIN_E1                                    //// 
.................... ////     #define LCD_RW_PIN      PIN_E2                                    //// 
.................... ////     #define LCD_DATA4       PIN_D4                                    //// 
.................... ////     #define LCD_DATA5       PIN_D5                                    //// 
.................... ////     #define LCD_DATA6       PIN_D6                                    //// 
.................... ////     #define LCD_DATA7       PIN_D7                                    //// 
.................... ////                                                                       //// 
.................... /////////////////////////////////////////////////////////////////////////////// 
.................... ////        (C) Copyright 1996,2010 Custom Computer Services           //// 
.................... //// This source code may only be used by licensed users of the CCS C  //// 
.................... //// compiler.  This source code may only be distributed to other      //// 
.................... //// licensed users of the CCS C compiler.  No other use, reproduction //// 
.................... //// or distribution is permitted without written permission.          //// 
.................... //// Derivative programs created using this software in object code    //// 
.................... //// form are not restricted in any way.                               //// 
.................... /////////////////////////////////////////////////////////////////////////// 
....................  
.................... #ifndef __LCD_C__ 
.................... #define __LCD_C__ 
....................  
.................... // define the pinout. 
.................... // only required if port access is being used. 
.................... typedef struct   
.................... {                            // This structure is overlayed 
....................    int1 enable;           // on to an I/O port to gain 
....................    int1 rs;               // access to the LCD pins. 
....................    int1 rw;               // The bits are allocated from 
....................    int1 unused;           // low order up.  ENABLE will 
....................    unsigned int     data : 4;         // be LSB pin of that port. 
....................   #if defined(__PCD__)       // The port used will be LCD_DATA_PORT. 
....................    unsigned int    reserved: 8; 
....................   #endif 
.................... } LCD_PIN_MAP; 
....................  
.................... // this is to improve compatability with previous LCD drivers that accepted 
.................... // a define labeled 'use_portb_lcd' that configured the LCD onto port B. 
.................... #if ((defined(use_portb_lcd)) && (use_portb_lcd==TRUE)) 
....................  #define LCD_DATA_PORT getenv("SFR:PORTB") 
.................... #endif 
....................  
.................... #if defined(__PCB__) 
....................    // these definitions only need to be modified for baseline PICs. 
....................    // all other PICs use LCD_PIN_MAP or individual LCD_xxx pin definitions. 
.................... /*                                    EN, RS,   RW,   UNUSED,  DATA  */ 
....................  const LCD_PIN_MAP LCD_OUTPUT_MAP =  {0,  0,    0,    0,       0}; 
....................  const LCD_PIN_MAP LCD_INPUT_MAP =   {0,  0,    0,    0,       0xF}; 
.................... #endif 
....................  
.................... ////////////////////// END CONFIGURATION /////////////////////////////////// 
....................  
.................... #ifndef LCD_ENABLE_PIN 
....................    #define lcd_output_enable(x) lcdlat.enable=x 
....................    #define lcd_enable_tris()   lcdtris.enable=0 
.................... #else 
....................    #define lcd_output_enable(x) output_bit(LCD_ENABLE_PIN, x) 
....................    #define lcd_enable_tris()  output_drive(LCD_ENABLE_PIN) 
.................... #endif 
....................  
.................... #ifndef LCD_RS_PIN 
....................    #define lcd_output_rs(x) lcdlat.rs=x 
....................    #define lcd_rs_tris()   lcdtris.rs=0 
.................... #else 
....................    #define lcd_output_rs(x) output_bit(LCD_RS_PIN, x) 
....................    #define lcd_rs_tris()  output_drive(LCD_RS_PIN) 
.................... #endif 
....................  
.................... #ifndef LCD_RW_PIN 
....................    #define lcd_output_rw(x) lcdlat.rw=x 
....................    #define lcd_rw_tris()   lcdtris.rw=0 
.................... #else 
....................    #define lcd_output_rw(x) output_bit(LCD_RW_PIN, x) 
....................    #define lcd_rw_tris()  output_drive(LCD_RW_PIN) 
.................... #endif 
....................  
.................... // original version of this library incorrectly labeled LCD_DATA0 as LCD_DATA4, 
.................... // LCD_DATA1 as LCD_DATA5, and so on.  this block of code makes the driver 
.................... // compatible with any code written for the original library 
.................... #if (defined(LCD_DATA0) && defined(LCD_DATA1) && defined(LCD_DATA2) && defined(LCD_DATA3) && !defined(LCD_DATA4) && !defined(LCD_DATA5) && !defined(LCD_DATA6) && !defined(LCD_DATA7)) 
....................    #define  LCD_DATA4    LCD_DATA0 
....................    #define  LCD_DATA5    LCD_DATA1 
....................    #define  LCD_DATA6    LCD_DATA2 
....................    #define  LCD_DATA7    LCD_DATA3 
.................... #endif 
....................  
.................... #ifndef LCD_DATA4 
.................... #ifndef LCD_DATA_PORT 
....................    #if defined(__PCB__) 
....................       #define LCD_DATA_PORT      0x06     //portb 
....................       #define set_tris_lcd(x)   set_tris_b(x) 
....................    #else 
....................      #if defined(PIN_D0) 
....................       #define LCD_DATA_PORT      getenv("SFR:PORTD")     //portd 
....................      #else 
....................       #define LCD_DATA_PORT      getenv("SFR:PORTB")     //portb 
....................      #endif 
....................    #endif    
.................... #endif 
....................  
.................... #if defined(__PCB__) 
....................    LCD_PIN_MAP lcd, lcdlat; 
....................    #byte lcd = LCD_DATA_PORT 
....................    #byte lcdlat = LCD_DATA_PORT 
.................... #elif defined(__PCM__) 
....................    LCD_PIN_MAP lcd, lcdlat, lcdtris; 
....................    #byte lcd = LCD_DATA_PORT 
....................    #byte lcdlat = LCD_DATA_PORT 
....................    #byte lcdtris = LCD_DATA_PORT+0x80 
.................... #elif defined(__PCH__) 
....................    LCD_PIN_MAP lcd, lcdlat, lcdtris; 
....................    #byte lcd = LCD_DATA_PORT 
....................    #byte lcdlat = LCD_DATA_PORT+9 
....................    #byte lcdtris = LCD_DATA_PORT+0x12 
.................... #elif defined(__PCD__) 
....................    LCD_PIN_MAP lcd, lcdlat, lcdtris; 
....................    #word lcd = LCD_DATA_PORT 
....................    #word lcdlat = LCD_DATA_PORT+2 
....................    #word lcdtris = LCD_DATA_PORT-0x02 
.................... #endif 
.................... #endif   //LCD_DATA4 not defined 
....................  
.................... #ifndef LCD_TYPE 
....................    #define LCD_TYPE 2           // 0=5x7, 1=5x10, 2=2 lines 
.................... #endif 
....................  
.................... #ifndef LCD_LINE_TWO 
....................    #define LCD_LINE_TWO 0x40    // LCD RAM address for the second line 
.................... #endif 
....................  
.................... #ifndef LCD_LINE_LENGTH 
....................    #define LCD_LINE_LENGTH 20 
.................... #endif 
....................  
.................... unsigned int8 lcd_read_nibble(void); 
....................  
.................... unsigned int8 lcd_read_byte(void) 
.................... { 
....................    unsigned int8 low,high; 
....................  
....................  #if defined(__PCB__) 
....................    set_tris_lcd(LCD_INPUT_MAP); 
....................  #else 
....................   #if (defined(LCD_DATA4) && defined(LCD_DATA5) && defined(LCD_DATA6) && defined(LCD_DATA7)) 
....................    output_float(LCD_DATA4); 
....................    output_float(LCD_DATA5); 
....................    output_float(LCD_DATA6); 
....................    output_float(LCD_DATA7); 
....................   #else 
....................    lcdtris.data = 0xF; 
*
0334:  MOVLW  0F
0335:  BSF    03.5
0336:  ANDWF  08,W
0337:  IORLW  F0
0338:  MOVWF  08
....................   #endif 
....................  #endif 
....................          
....................    lcd_output_rw(1); 
0339:  BCF    03.5
033A:  BSF    08.2
....................    delay_cycles(1); 
033B:  NOP
....................    lcd_output_enable(1); 
033C:  BSF    08.0
....................    delay_cycles(1); 
033D:  NOP
....................    high = lcd_read_nibble(); 
033E:  CALL   328
033F:  MOVF   78,W
0340:  MOVWF  62
....................        
....................    lcd_output_enable(0); 
0341:  BCF    08.0
....................    delay_cycles(1); 
0342:  NOP
....................    lcd_output_enable(1); 
0343:  BSF    08.0
....................    delay_us(1); 
0344:  NOP
....................    low = lcd_read_nibble(); 
0345:  CALL   328
0346:  MOVF   78,W
0347:  MOVWF  61
....................        
....................    lcd_output_enable(0); 
0348:  BCF    08.0
....................  
....................  #if defined(__PCB__) 
....................    set_tris_lcd(LCD_OUTPUT_MAP); 
....................  #else 
....................   #if (defined(LCD_DATA4) && defined(LCD_DATA5) && defined(LCD_DATA6) && defined(LCD_DATA7)) 
....................    output_drive(LCD_DATA4); 
....................    output_drive(LCD_DATA5); 
....................    output_drive(LCD_DATA6); 
....................    output_drive(LCD_DATA7); 
....................   #else 
....................    lcdtris.data = 0x0; 
0349:  MOVLW  0F
034A:  BSF    03.5
034B:  ANDWF  08,W
034C:  MOVWF  08
....................   #endif 
....................  #endif 
....................  
....................    return( (high<<4) | low); 
034D:  BCF    03.5
034E:  SWAPF  62,W
034F:  MOVWF  77
0350:  MOVLW  F0
0351:  ANDWF  77,F
0352:  MOVF   77,W
0353:  IORWF  61,W
0354:  MOVWF  78
.................... } 
....................  
.................... unsigned int8 lcd_read_nibble(void) 
.................... { 
....................   #if (defined(LCD_DATA4) && defined(LCD_DATA5) && defined(LCD_DATA6) && defined(LCD_DATA7)) 
....................    unsigned int8 n = 0x00; 
....................  
....................    /* Read the data port */ 
....................    n |= input(LCD_DATA4); 
....................    n |= input(LCD_DATA5) << 1; 
....................    n |= input(LCD_DATA6) << 2; 
....................    n |= input(LCD_DATA7) << 3; 
....................     
....................    return(n); 
....................   #else 
....................    return(lcd.data); 
*
0328:  MOVF   08,W
0329:  MOVWF  77
032A:  SWAPF  08,W
032B:  ANDLW  0F
032C:  MOVWF  78
....................   #endif 
032D:  RETURN
.................... } 
....................  
.................... void lcd_send_nibble(unsigned int8 n) 
.................... { 
....................   #if (defined(LCD_DATA4) && defined(LCD_DATA5) && defined(LCD_DATA6) && defined(LCD_DATA7)) 
....................    /* Write to the data port */ 
....................    output_bit(LCD_DATA4, bit_test(n, 0)); 
....................    output_bit(LCD_DATA5, bit_test(n, 1)); 
....................    output_bit(LCD_DATA6, bit_test(n, 2)); 
....................    output_bit(LCD_DATA7, bit_test(n, 3)); 
....................   #else       
....................    lcdlat.data = n; 
*
031C:  SWAPF  62,W
031D:  ANDLW  F0
031E:  MOVWF  77
031F:  MOVLW  0F
0320:  ANDWF  08,W
0321:  IORWF  77,W
0322:  MOVWF  08
....................   #endif 
....................        
....................    delay_cycles(1); 
0323:  NOP
....................    lcd_output_enable(1); 
0324:  BSF    08.0
....................    delay_us(2); 
0325:  GOTO   326
....................    lcd_output_enable(0); 
0326:  BCF    08.0
0327:  RETURN
.................... } 
....................  
.................... void lcd_send_byte(unsigned int8 address, unsigned int8 n) 
.................... { 
....................   #if defined(__PCB__) 
....................    set_tris_lcd(LCD_OUTPUT_MAP); 
....................   #else 
....................    lcd_enable_tris(); 
*
032E:  BSF    03.5
032F:  BCF    08.0
....................    lcd_rs_tris(); 
0330:  BCF    08.1
....................    lcd_rw_tris(); 
0331:  BCF    08.2
....................   #endif 
....................  
....................    lcd_output_rs(0); 
0332:  BCF    03.5
0333:  BCF    08.1
....................    while ( bit_test(lcd_read_byte(),7) ) ; 
*
0355:  MOVF   78,W
0356:  MOVWF  61
0357:  BTFSC  61.7
0358:  GOTO   334
....................    lcd_output_rs(address); 
0359:  BTFSS  5F.0
035A:  BCF    08.1
035B:  BTFSC  5F.0
035C:  BSF    08.1
....................    delay_cycles(1); 
035D:  NOP
....................    lcd_output_rw(0); 
035E:  BCF    08.2
....................    delay_cycles(1); 
035F:  NOP
....................    lcd_output_enable(0); 
0360:  BCF    08.0
....................    lcd_send_nibble(n >> 4); 
0361:  SWAPF  60,W
0362:  MOVWF  61
0363:  MOVLW  0F
0364:  ANDWF  61,F
0365:  MOVF   61,W
0366:  MOVWF  62
0367:  CALL   31C
....................    lcd_send_nibble(n & 0xf); 
0368:  MOVF   60,W
0369:  ANDLW  0F
036A:  MOVWF  61
036B:  MOVWF  62
036C:  CALL   31C
036D:  RETURN
.................... } 
....................  
.................... #if defined(LCD_EXTENDED_NEWLINE) 
.................... unsigned int8 g_LcdX, g_LcdY; 
.................... #endif 
....................  
.................... void lcd_init(void)  
.................... { 
....................    unsigned int8 i; 
....................    unsigned int8 LCD_INIT_STRING[4] = {0x20 | (LCD_TYPE << 2), 0xc, 1, 6}; 
036E:  MOVLW  28
036F:  MOVWF  52
0370:  MOVLW  0C
0371:  MOVWF  53
0372:  MOVLW  01
0373:  MOVWF  54
0374:  MOVLW  06
0375:  MOVWF  55
....................                              // These bytes need to be sent to the LCD 
....................                              // to start it up. 
....................     
....................  
....................    lcd_output_enable(0); 
0376:  BCF    08.0
....................    lcd_output_rs(0); 
0377:  BCF    08.1
....................    lcd_output_rw(0); 
0378:  BCF    08.2
....................  
....................  #if defined(__PCB__) 
....................    set_tris_lcd(LCD_OUTPUT_MAP); 
....................  #else 
....................   #if (defined(LCD_DATA4) && defined(LCD_DATA5) && defined(LCD_DATA6) && defined(LCD_DATA7)) 
....................    output_drive(LCD_DATA4); 
....................    output_drive(LCD_DATA5); 
....................    output_drive(LCD_DATA6); 
....................    output_drive(LCD_DATA7); 
....................   #else 
....................    lcdtris.data = 0x0; 
0379:  MOVLW  0F
037A:  BSF    03.5
037B:  ANDWF  08,W
037C:  MOVWF  08
....................   #endif 
....................    lcd_enable_tris(); 
037D:  BCF    08.0
....................    lcd_rs_tris(); 
037E:  BCF    08.1
....................    lcd_rw_tris(); 
037F:  BCF    08.2
....................  #endif 
....................      
....................    delay_ms(15); 
0380:  MOVLW  0F
0381:  BCF    03.5
0382:  MOVWF  5B
0383:  CALL   307
....................    for(i=1;i<=3;++i) 
0384:  MOVLW  01
0385:  MOVWF  51
0386:  MOVF   51,W
0387:  SUBLW  03
0388:  BTFSS  03.0
0389:  GOTO   392
....................    { 
....................        lcd_send_nibble(3); 
038A:  MOVLW  03
038B:  MOVWF  62
038C:  CALL   31C
....................        delay_ms(5); 
038D:  MOVLW  05
038E:  MOVWF  5B
038F:  CALL   307
0390:  INCF   51,F
0391:  GOTO   386
....................    } 
....................     
....................    lcd_send_nibble(2); 
0392:  MOVLW  02
0393:  MOVWF  62
0394:  CALL   31C
....................    delay_ms(5); 
0395:  MOVLW  05
0396:  MOVWF  5B
0397:  CALL   307
....................    for(i=0;i<=3;++i) 
0398:  CLRF   51
0399:  MOVF   51,W
039A:  SUBLW  03
039B:  BTFSS  03.0
039C:  GOTO   3A9
....................       lcd_send_byte(0,LCD_INIT_STRING[i]); 
039D:  MOVLW  52
039E:  ADDWF  51,W
039F:  MOVWF  04
03A0:  BCF    03.7
03A1:  MOVF   00,W
03A2:  MOVWF  56
03A3:  CLRF   5F
03A4:  MOVF   56,W
03A5:  MOVWF  60
03A6:  CALL   32E
....................  
....................   #if defined(LCD_EXTENDED_NEWLINE) 
03A7:  INCF   51,F
03A8:  GOTO   399
03A9:  BSF    0A.3
03AA:  BCF    0A.4
03AB:  GOTO   0A5 (RETURN)
....................    g_LcdX = 0; 
....................    g_LcdY = 0; 
....................   #endif 
.................... } 
....................  
.................... void lcd_gotoxy(unsigned int8 x, unsigned int8 y) 
.................... { 
....................    unsigned int8 address; 
....................     
....................    if(y!=1) 
03AC:  DECFSZ 5C,W
03AD:  GOTO   3AF
03AE:  GOTO   3B2
....................       address=LCD_LINE_TWO; 
03AF:  MOVLW  40
03B0:  MOVWF  5D
03B1:  GOTO   3B3
....................    else 
....................       address=0; 
03B2:  CLRF   5D
....................       
....................    address+=x-1; 
03B3:  MOVLW  01
03B4:  SUBWF  5B,W
03B5:  ADDWF  5D,F
....................    lcd_send_byte(0,0x80|address); 
03B6:  MOVF   5D,W
03B7:  IORLW  80
03B8:  MOVWF  5E
03B9:  CLRF   5F
03BA:  MOVF   5E,W
03BB:  MOVWF  60
03BC:  CALL   32E
....................  
....................   #if defined(LCD_EXTENDED_NEWLINE) 
03BD:  RETURN
....................    g_LcdX = x - 1; 
....................    g_LcdY = y - 1; 
....................   #endif 
.................... } 
....................  
.................... void lcd_putc(char c) 
.................... { 
....................    switch (c) 
03BE:  MOVF   5A,W
03BF:  XORLW  07
03C0:  BTFSC  03.2
03C1:  GOTO   3CC
03C2:  XORLW  0B
03C3:  BTFSC  03.2
03C4:  GOTO   3D1
03C5:  XORLW  06
03C6:  BTFSC  03.2
03C7:  GOTO   3D9
03C8:  XORLW  02
03C9:  BTFSC  03.2
03CA:  GOTO   3DF
03CB:  GOTO   3E4
....................    { 
....................       case '\a'   :  lcd_gotoxy(1,1);     break; 
03CC:  MOVLW  01
03CD:  MOVWF  5B
03CE:  MOVWF  5C
03CF:  CALL   3AC
03D0:  GOTO   3E9
....................  
....................       case '\f'   :  lcd_send_byte(0,1); 
03D1:  CLRF   5F
03D2:  MOVLW  01
03D3:  MOVWF  60
03D4:  CALL   32E
....................                      delay_ms(2); 
03D5:  MOVLW  02
03D6:  MOVWF  5B
03D7:  CALL   307
....................                     #if defined(LCD_EXTENDED_NEWLINE) 
....................                      g_LcdX = 0; 
....................                      g_LcdY = 0; 
....................                     #endif 
....................                      break; 
03D8:  GOTO   3E9
....................  
....................      #if defined(LCD_EXTENDED_NEWLINE) 
....................       case '\r'   :  lcd_gotoxy(1, g_LcdY+1);   break; 
....................       case '\n'   : 
....................          while (g_LcdX++ < LCD_LINE_LENGTH) 
....................          { 
....................             lcd_send_byte(1, ' '); 
....................          } 
....................          lcd_gotoxy(1, g_LcdY+2); 
....................          break; 
....................      #else 
....................       case '\n'   : lcd_gotoxy(1,2);        break; 
03D9:  MOVLW  01
03DA:  MOVWF  5B
03DB:  MOVLW  02
03DC:  MOVWF  5C
03DD:  CALL   3AC
03DE:  GOTO   3E9
....................      #endif 
....................       
....................       case '\b'   : lcd_send_byte(0,0x10);  break; 
03DF:  CLRF   5F
03E0:  MOVLW  10
03E1:  MOVWF  60
03E2:  CALL   32E
03E3:  GOTO   3E9
....................       
....................      #if defined(LCD_EXTENDED_NEWLINE) 
....................       default     :  
....................          if (g_LcdX < LCD_LINE_LENGTH) 
....................          { 
....................             lcd_send_byte(1, c); 
....................             g_LcdX++; 
....................          } 
....................          break; 
....................      #else 
....................       default     : lcd_send_byte(1,c);     break; 
03E4:  MOVLW  01
03E5:  MOVWF  5F
03E6:  MOVF   5A,W
03E7:  MOVWF  60
03E8:  CALL   32E
....................      #endif 
....................    } 
03E9:  RETURN
.................... } 
....................   
.................... char lcd_getc(unsigned int8 x, unsigned int8 y) 
.................... { 
....................    char value; 
....................  
....................    lcd_gotoxy(x,y); 
....................    while ( bit_test(lcd_read_byte(),7) ); // wait until busy flag is low 
....................    lcd_output_rs(1); 
....................    value = lcd_read_byte(); 
....................    lcd_output_rs(0); 
....................     
....................    return(value); 
.................... } 
....................  
.................... // write a custom character to the ram 
.................... // which is 0-7 and specifies which character array we are modifying. 
.................... // ptr points to an array of 8 bytes, where each byte is the next row of 
.................... //    pixels.  only bits 0-4 are used.  the last row is the cursor row, and 
.................... //    usually you will want to leave this byte 0x00. 
.................... void lcd_set_cgram_char(unsigned int8 which, unsigned int8 *ptr) 
.................... { 
....................    unsigned int i; 
....................  
....................    which <<= 3; 
....................    which &= 0x38; 
....................  
....................    lcd_send_byte(0, 0x40 | which);  //set cgram address 
....................  
....................    for(i=0; i<8; i++) 
....................    { 
....................       lcd_send_byte(1, *ptr++); 
....................    } 
....................    
....................    #if defined(LCD_EXTENDED_NEWLINE) 
....................     lcd_gotoxy(g_LcdX+1, g_LcdY+1);  //set ddram address 
....................    #endif 
.................... } 
....................  
.................... void lcd_cursor_on(int1 on) 
.................... { 
....................    if (on) 
....................    { 
....................       lcd_send_byte(0,0x0F);           //turn LCD cursor ON 
....................    } 
....................    else 
....................    { 
....................       lcd_send_byte(0,0x0C);           //turn LCD cursor OFF 
....................    } 
.................... } 
....................  
.................... #endif 
....................  
....................  
.................... #use fast_io(A) // Habilita operaçőes rápidas de I/O para o porto A. 
....................  
.................... // Macros 
.................... #define DELAY 1000                         // Define a macro "DELAY" com o valor 1000. 
.................... #define LED PIN_B5                         // Define a macro "LED" como o pino B5. 
.................... #define Limit_superior input(PIN_A1)       // Define a macro "Limit_superior" como a leitura do pino A1. 
.................... #define Limit_inferior input(PIN_A2)       // Define a macro "Limit_inferior" como a leitura do pino A2. 
.................... #define liga input(PIN_E0)                 // Define a macro "liga" como a leitura do pino E0. 
.................... #define manual input(PIN_C1)               // Define a macro "manual" como a leitura do pino C1. 
.................... #define sobe input(PIN_A4)                 // Define a macro "sobe" como a leitura do pino A4. 
.................... #define desce input(PIN_A5)                // Define a macro "desce" como a leitura do pino A5. 
.................... #define habilita input(PIN_A3)             // Define a macro "habilita" como a leitura do pino A3. 
.................... #define conte input(PIN_E1)                // Define a macro "conte" como a leitura do pino E1. 
.................... #define menu input(PIN_C0)                 // Define a macro "menu" como a leitura do pino C0. 
.................... #define inverteMotor output_high(PIN_E2)   // Define a macro "inverteMotor" como a saída em nível alto (HIGH) para o pino E2. 
.................... #define desinverteMotor output_low(PIN_E2) // Define a macro "desinverteMotor" como a saída em nível baixo (LOW) para o pino E2. 
....................  
.................... // Variaveis 
.................... int16 acumulador, frequencia, contador;                                                     // Declaraçăo de variáveis: acumulador, frequencia e contador do tipo int16. 
.................... signed int16 error_meas, kp = 30, ki = 0, kd = 30, proportional, integral, derivative, PID; // Declaraçăo de variáveis: error_meas, kp, ki, kd, proportional, integral, derivative e PID do tipo int16, algumas com valores iniciais. 
....................  
.................... // constantes 
.................... int setpoit = 5, duty = 0, pwm_period = 168;             // Valor do período do PWM em us para 1.515 kHz; 
.................... signed int potencia = 0, measure = 50, lastMeasure = 80; // Declaraçăo de variáveis: potencia, measure e lastMeasure do tipo int, com valores iniciais. 
.................... int funcao = 0;                                          // Declaraçăo de variável: funcao do tipo int, com valor inicial 0. 
.................... long teste; 
.................... ////////////////////////////////////////////////////////////////////////////////////////////////////////////// 
.................... // Funçőes 
.................... int16 frequecimetro(int16 acumulador); 
.................... void pid_control(); 
.................... int leitura(void); 
.................... float pwm(signed int potencia); 
.................... int media(long frequencia); 
.................... void comtroleMotor(int duty, setpoit); 
.................... void contagem(void); 
.................... int16 lerMemoria(void); 
.................... void escreveMemoria(int16 variavel); 
.................... void modo(int funcao); 
.................... void atualizaDisplay(void); 
.................... ////////////////////////////////////////////////////////////////////////////////////////////////////////////// 
.................... // Interrupçőes 
.................... #INT_EXT 
.................... void EXT_isr(void) 
.................... { 
....................   static int1 borda = 0;                  // Variável estática para controle de borda 
....................   frequencia = frequecimetro(acumulador); // Atualiza a variável frequencia com base no valor do acumulador 
*
01F5:  MOVF   2D,W
01F6:  MOVWF  69
01F7:  MOVF   2C,W
01F8:  MOVWF  68
*
0258:  MOVF   79,W
0259:  MOVWF  2F
025A:  MOVF   78,W
025B:  MOVWF  2E
....................  
....................   if (!borda) // Verifica se a borda é igual a 0 
025C:  BTFSC  4B.0
025D:  GOTO   263
....................   { 
....................     borda = 1;            // Define a borda como 1 
025E:  BSF    4B.0
....................     ext_int_edge(H_TO_L); // Configura a interrupçăo externa para borda de descida 
025F:  BSF    03.5
0260:  BCF    01.6
....................   } 
0261:  GOTO   266
0262:  BCF    03.5
....................   else 
....................   { 
....................     borda = 0;            // Define a borda como 0 
0263:  BCF    4B.0
....................     ext_int_edge(L_TO_H); // Configura a interrupçăo externa para borda de subida 
0264:  BSF    03.5
0265:  BSF    01.6
....................   } 
....................   acumulador = 0; // Reinicia o acumulador 
0266:  BCF    03.5
0267:  CLRF   2D
0268:  CLRF   2C
.................... } 
....................  
0269:  BCF    0B.1
026A:  BCF    0A.3
026B:  BCF    0A.4
026C:  GOTO   02F
.................... #INT_TIMER0 
.................... void TIMER0_isr(void) 
.................... { 
....................   if (acumulador > 900) // Verifica se o valor do acumulador é maior que 900 
026D:  MOVF   2D,W
026E:  SUBLW  02
026F:  BTFSC  03.0
0270:  GOTO   27A
0271:  XORLW  FF
0272:  BTFSS  03.2
0273:  GOTO   278
0274:  MOVF   2C,W
0275:  SUBLW  84
0276:  BTFSC  03.0
0277:  GOTO   27A
....................     frequencia = 0;     // Define a frequęncia como 0 
0278:  CLRF   2F
0279:  CLRF   2E
....................   acumulador++;         // Incrementa o valor do acumulador 
027A:  INCF   2C,F
027B:  BTFSC  03.2
027C:  INCF   2D,F
027D:  BCF    0B.2
027E:  BCF    0A.3
027F:  BCF    0A.4
0280:  GOTO   02F
.................... } 
.................... ////////////////////////////////////////////////////////////////////////////////////////////////////////////// 
.................... // 
.................... void main() 
*
0873:  MOVF   03,W
0874:  ANDLW  1F
0875:  MOVWF  03
0876:  CLRF   35
0877:  MOVLW  1E
0878:  MOVWF  34
0879:  CLRF   37
087A:  CLRF   36
087B:  CLRF   39
087C:  MOVWF  38
087D:  MOVLW  05
087E:  MOVWF  42
087F:  CLRF   43
0880:  MOVLW  A8
0881:  MOVWF  44
0882:  CLRF   45
0883:  MOVLW  32
0884:  MOVWF  46
0885:  MOVLW  50
0886:  MOVWF  47
0887:  CLRF   48
0888:  BCF    4B.0
0889:  MOVLW  FF
088A:  MOVWF  4C
088B:  CLRF   4D
088C:  MOVLW  78
088D:  MOVWF  4E
088E:  CLRF   4F
088F:  CLRF   50
0890:  BSF    03.5
0891:  BSF    1F.0
0892:  BSF    1F.1
0893:  BSF    1F.2
0894:  BCF    1F.3
0895:  BCF    03.7
.................... { 
....................   contador = lerMemoria(); // Lę o valor do contador da memória~ 
0896:  BCF    0A.3
0897:  BCF    03.5
0898:  CALL   2E5
0899:  BSF    0A.3
089A:  MOVF   79,W
089B:  MOVWF  31
089C:  MOVF   78,W
089D:  MOVWF  30
....................                            // Configuraçăo 
....................   delay_ms(10);            // Pequeno atraso de 10ms 
089E:  MOVLW  0A
089F:  MOVWF  5B
08A0:  BCF    0A.3
08A1:  CALL   307
08A2:  BSF    0A.3
....................   lcd_init();              // Inicializa o display LCD 
08A3:  BCF    0A.3
08A4:  GOTO   36E
08A5:  BSF    0A.3
....................   lcd_gotoxy(1, 1);        // Posiciona o cursor na primeira linha, primeira coluna 
08A6:  MOVLW  01
08A7:  MOVWF  5B
08A8:  MOVWF  5C
08A9:  BCF    0A.3
08AA:  CALL   3AC
08AB:  BSF    0A.3
....................  
....................   setup_timer_0(RTCC_INTERNAL | RTCC_DIV_1 | RTCC_DIV_4); // Configura o Timer0 com clock interno, divisor 1:4 
08AC:  BSF    03.5
08AD:  MOVF   01,W
08AE:  ANDLW  C7
08AF:  IORLW  09
08B0:  MOVWF  01
....................   setup_ccp1(CCP_PWM);                                    // Configura o CCP1 para modo PWM 
08B1:  BCF    03.5
08B2:  BCF    4C.2
08B3:  MOVF   4C,W
08B4:  BSF    03.5
08B5:  MOVWF  07
08B6:  BCF    03.5
08B7:  BCF    07.2
08B8:  MOVLW  0C
08B9:  MOVWF  17
....................   setup_timer_2(T2_DIV_BY_1, 124, 1);                     // Configura o Timer2 com prescaler 1:1, período de 1ms 
08BA:  MOVLW  00
08BB:  MOVWF  78
08BC:  IORLW  04
08BD:  MOVWF  12
08BE:  MOVLW  7C
08BF:  BSF    03.5
08C0:  MOVWF  12
....................   set_pwm1_duty(0);                                       // Define o duty cycle inicial do PWM como 0 
08C1:  BCF    03.5
08C2:  CLRF   15
....................  
....................   setup_adc_ports(AN0);          // Configura o pino AN0 como entrada analógica 
08C3:  BSF    03.5
08C4:  BCF    1F.0
08C5:  BSF    1F.1
08C6:  BSF    1F.2
08C7:  BSF    1F.3
....................   setup_adc(ADC_CLOCK_DIV_2);    // Configura o clock do ADC com divisor 2 
08C8:  BCF    03.5
08C9:  BCF    1F.6
08CA:  BCF    1F.7
08CB:  BSF    03.5
08CC:  BSF    1F.7
08CD:  BCF    03.5
08CE:  BSF    1F.0
....................   enable_interrupts(INT_EXT);    // Habilita a interrupçăo externa 
08CF:  BSF    0B.4
....................   ext_int_edge(L_TO_H);          // Configura a interrupçăo externa para borda de subida 
08D0:  BSF    03.5
08D1:  BSF    01.6
....................   enable_interrupts(INT_TIMER1); // Habilita a interrupçăo do Timer1 
08D2:  BSF    0C.0
....................   enable_interrupts(INT_TIMER0); // Habilita a interrupçăo do Timer0 
08D3:  BCF    03.5
08D4:  BSF    0B.5
....................   enable_interrupts(GLOBAL);     // Habilita as interrupçőes globais 
08D5:  MOVLW  C0
08D6:  IORWF  0B,F
....................   setup_wdt(WDT_2304MS);         // Configura o Watchdog Timer com um tempo de estouro de 2304ms 
08D7:  MOVLW  0F
08D8:  MOVWF  77
08D9:  CLRF   01
08DA:  MOVLW  81
08DB:  MOVWF  04
08DC:  BCF    03.7
08DD:  MOVF   00,W
08DE:  ANDLW  F0
08DF:  IORLW  07
08E0:  MOVWF  00
08E1:  CLRWDT
08E2:  MOVF   00,W
08E3:  ANDLW  F7
08E4:  BTFSC  77.3
08E5:  ANDLW  F0
08E6:  IORWF  77,W
08E7:  MOVWF  00
....................  
....................   printf(lcd_putc, "e0\r\n");                               // Imprime uma mensagem no display LCD 
08E8:  MOVLW  81
08E9:  BSF    03.6
08EA:  MOVWF  0D
08EB:  MOVLW  02
08EC:  MOVWF  0F
08ED:  BCF    0A.3
08EE:  BCF    03.6
08EF:  CALL   3EA
08F0:  BSF    0A.3
....................    delay_ms(50);                                                         //  delay_ms(50);                                             // Pequeno atraso de 50ms 
08F1:  MOVLW  32
08F2:  MOVWF  5B
08F3:  BCF    0A.3
08F4:  CALL   307
08F5:  BSF    0A.3
....................   printf(lcd_putc, "\fCorta Brigadeiros\n           v2.0"); // Imprime uma mensagem no display LCD 
08F6:  MOVLW  84
08F7:  BSF    03.6
08F8:  MOVWF  0D
08F9:  MOVLW  02
08FA:  MOVWF  0F
08FB:  BCF    0A.3
08FC:  BCF    03.6
08FD:  CALL   3EA
08FE:  BSF    0A.3
....................   delay_ms(900);//  delay_ms(500); 
08FF:  MOVLW  04
0900:  MOVWF  51
0901:  MOVLW  E1
0902:  MOVWF  5B
0903:  BCF    0A.3
0904:  CALL   307
0905:  BSF    0A.3
0906:  DECFSZ 51,F
0907:  GOTO   101
....................    contador = lerMemoria(); 
0908:  BCF    0A.3
0909:  CALL   2E5
090A:  BSF    0A.3
090B:  MOVF   79,W
090C:  MOVWF  31
090D:  MOVF   78,W
090E:  MOVWF  30
....................  
....................   ////////////////////////////////////////////////////////////////////////////////////////////////////////////// 
....................   // 
....................   while (true) 
....................   { 
....................     restart_wdt();            // Reinicia o Watchdog Timer 
090F:  CLRWDT
....................     setpoit = leitura();      // Lę o valor do setpoint 
0910:  BCF    0A.3
0911:  GOTO   440
0912:  BSF    0A.3
0913:  MOVF   78,W
0914:  MOVWF  42
....................     if (!setpoit)             // Verifica se o setpoint é igual a 0 
0915:  MOVF   42,F
0916:  BTFSS  03.2
0917:  GOTO   11A
....................       duty = 0, potencia = 0; // Define o duty cycle e a potęncia como 0 
0918:  CLRF   43
0919:  CLRF   45
....................     pid_control();            // Chama a funçăo de controle PID 
091A:  BCF    0A.3
091B:  GOTO   4D6
091C:  BSF    0A.3
....................     duty = pwm(potencia);     // Calcula o valor do duty cycle do PWM com base na potęncia 
091D:  MOVF   45,W
091E:  MOVWF  51
091F:  BCF    0A.3
0920:  GOTO   57B
0921:  BSF    0A.3
0922:  CLRF   2B
0923:  BTFSC  0B.7
0924:  BSF    2B.7
0925:  BCF    0B.7
0926:  MOVF   7A,W
0927:  MOVWF  71
0928:  MOVF   79,W
0929:  MOVWF  70
092A:  MOVF   78,W
092B:  MOVWF  6F
092C:  MOVF   77,W
092D:  MOVWF  6E
092E:  BCF    0A.3
092F:  CALL   1D6
0930:  BSF    0A.3
0931:  BTFSC  2B.7
0932:  BSF    0B.7
0933:  MOVF   78,W
0934:  MOVWF  43
....................     contagem();// Realiza a contagem 
0935:  BCF    0A.3
0936:  GOTO   5FD
0937:  BSF    0A.3
....................     if (menu) 
0938:  BSF    4C.0
0939:  MOVF   4C,W
093A:  BSF    03.5
093B:  MOVWF  07
093C:  BCF    03.5
093D:  BTFSS  07.0
093E:  GOTO   141
....................     { // Verifica se o botăo de menu está pressionado 
....................       contador = 0; 
093F:  CLRF   31
0940:  CLRF   30
....................     }                   // Define o contador como 0 
....................     atualizaDisplay(); 
0941:  BCF    0A.3
0942:  GOTO   692
0943:  BSF    0A.3
....................     // modo(funcao);                 // Executa o modo correspondente ŕ funçăo 
....................     comtroleMotor(duty, setpoit); // Controla o motor com base no duty cycle e no setpoint 
0944:  MOVF   43,W
0945:  MOVWF  51
0946:  MOVF   42,W
0947:  MOVWF  52
0948:  BCF    0A.3
0949:  GOTO   75A
094A:  BSF    0A.3
....................      delay_ms(10);                              //   delay_ms(10);                 // Pequeno atraso de 10ms 
094B:  MOVLW  0A
094C:  MOVWF  5B
094D:  BCF    0A.3
094E:  CALL   307
094F:  BSF    0A.3
....................     escreveMemoria(contador);     // Escreve o valor do contador na memória 
0950:  MOVF   31,W
0951:  MOVWF  52
0952:  MOVF   30,W
0953:  MOVWF  51
0954:  GOTO   000
0955:  GOTO   10F
....................   } 
.................... } 
....................  
0956:  SLEEP
.................... ////////////////////////////////////////////////////////////////////////////////////////////////////////////// 
.................... // 
.................... int16 frequecimetro(int16 cont) 
.................... { 
....................   frequencia = ((float)10000 / (cont * 5.12)); // Calcula a frequęncia atual do PWM 
*
01F9:  MOVF   69,W
01FA:  MOVWF  6F
01FB:  MOVF   68,W
01FC:  MOVWF  6E
01FD:  CALL   056
01FE:  MOVF   7A,W
01FF:  MOVWF  71
0200:  MOVF   79,W
0201:  MOVWF  70
0202:  MOVF   78,W
0203:  MOVWF  6F
0204:  MOVF   77,W
0205:  MOVWF  6E
0206:  MOVLW  0A
0207:  MOVWF  75
0208:  MOVLW  D7
0209:  MOVWF  74
020A:  MOVLW  23
020B:  MOVWF  73
020C:  MOVLW  81
020D:  MOVWF  72
020E:  CALL   073
020F:  CLRF   76
0210:  MOVLW  40
0211:  MOVWF  75
0212:  MOVLW  1C
0213:  MOVWF  74
0214:  MOVLW  8C
0215:  MOVWF  73
0216:  MOVF   7A,W
0217:  MOVWF  7E
0218:  MOVF   79,W
0219:  MOVWF  7D
021A:  MOVF   78,W
021B:  MOVWF  7C
021C:  MOVF   77,W
021D:  MOVWF  7B
021E:  CALL   0FD
021F:  MOVF   7A,W
0220:  MOVWF  71
0221:  MOVF   79,W
0222:  MOVWF  70
0223:  MOVF   78,W
0224:  MOVWF  6F
0225:  MOVF   77,W
0226:  MOVWF  6E
0227:  CALL   1D6
0228:  MOVF   79,W
0229:  MOVWF  2F
022A:  MOVF   78,W
022B:  MOVWF  2E
....................   float temp = (float)5 * frequencia; 
022C:  MOVF   2F,W
022D:  MOVWF  6F
022E:  MOVF   2E,W
022F:  MOVWF  6E
0230:  CALL   056
0231:  CLRF   71
0232:  CLRF   70
0233:  MOVLW  20
0234:  MOVWF  6F
0235:  MOVLW  81
0236:  MOVWF  6E
0237:  MOVF   7A,W
0238:  MOVWF  75
0239:  MOVF   79,W
023A:  MOVWF  74
023B:  MOVF   78,W
023C:  MOVWF  73
023D:  MOVF   77,W
023E:  MOVWF  72
023F:  CALL   073
0240:  MOVF   7A,W
0241:  MOVWF  6D
0242:  MOVF   79,W
0243:  MOVWF  6C
0244:  MOVF   78,W
0245:  MOVWF  6B
0246:  MOVF   77,W
0247:  MOVWF  6A
....................   frequencia = (int)temp; 
0248:  MOVF   6D,W
0249:  MOVWF  71
024A:  MOVF   6C,W
024B:  MOVWF  70
024C:  MOVF   6B,W
024D:  MOVWF  6F
024E:  MOVF   6A,W
024F:  MOVWF  6E
0250:  CALL   1D6
0251:  CLRF   2F
0252:  MOVF   78,W
0253:  MOVWF  2E
....................   return frequencia; 
0254:  MOVF   2E,W
0255:  MOVWF  78
0256:  MOVF   2F,W
0257:  MOVWF  79
.................... } 
.................... ////////////////////////////////////////////////////////////////////////////////////////////////////////////// 
.................... // 
.................... void pid_control() 
*
04D6:  MOVLW  0A
04D7:  MOVWF  51
.................... { 
....................   int potenciaMinima = 10;                    // Define a potęncia mínima como 10 
....................   measure = frequencia;                       // Atribui o valor da frequęncia ŕ variável measure 
04D8:  MOVF   2E,W
04D9:  MOVWF  46
....................   error_meas = setpoit - measure;             // Calcula o erro de mediçăo 
04DA:  MOVF   46,W
04DB:  SUBWF  42,W
04DC:  CLRF   7A
04DD:  MOVWF  77
04DE:  BTFSC  77.7
04DF:  DECF   7A,F
04E0:  MOVWF  32
04E1:  MOVF   7A,W
04E2:  MOVWF  33
....................   proportional = error_meas * kp;             // Calcula a parte proporcional do controle PID 
04E3:  MOVF   33,W
04E4:  MOVWF  55
04E5:  MOVF   32,W
04E6:  MOVWF  54
04E7:  MOVF   35,W
04E8:  MOVWF  57
04E9:  MOVF   34,W
04EA:  MOVWF  56
04EB:  CALL   4A8
04EC:  MOVF   79,W
04ED:  MOVWF  3B
04EE:  MOVF   78,W
04EF:  MOVWF  3A
....................   integral += error_meas * ki;                // Calcula a parte integral do controle PID 
04F0:  MOVF   33,W
04F1:  MOVWF  55
04F2:  MOVF   32,W
04F3:  MOVWF  54
04F4:  MOVF   37,W
04F5:  MOVWF  57
04F6:  MOVF   36,W
04F7:  MOVWF  56
04F8:  CALL   4A8
04F9:  MOVF   78,W
04FA:  ADDWF  3C,F
04FB:  MOVF   79,W
04FC:  BTFSC  03.0
04FD:  INCFSZ 79,W
04FE:  ADDWF  3D,F
....................   derivative = (lastMeasure - measure) * kd;  // Calcula a parte derivativa do controle PID 
04FF:  MOVF   46,W
0500:  SUBWF  47,W
0501:  MOVWF  53
0502:  CLRF   55
0503:  MOVF   53,W
0504:  MOVWF  54
0505:  BTFSC  54.7
0506:  DECF   55,F
0507:  MOVF   39,W
0508:  MOVWF  57
0509:  MOVF   38,W
050A:  MOVWF  56
050B:  CALL   4A8
050C:  MOVF   79,W
050D:  MOVWF  3F
050E:  MOVF   78,W
050F:  MOVWF  3E
....................   lastMeasure = measure;                      // Atualiza o valor da última medida 
0510:  MOVF   46,W
0511:  MOVWF  47
....................   PID = proportional + integral + derivative; // Calcula o valor do controle PID 
0512:  MOVF   3C,W
0513:  ADDWF  3A,W
0514:  MOVWF  52
0515:  MOVF   3B,W
0516:  MOVWF  53
0517:  MOVF   3D,W
0518:  BTFSC  03.0
0519:  INCFSZ 3D,W
051A:  ADDWF  53,F
051B:  MOVF   3E,W
051C:  ADDWF  52,W
051D:  MOVWF  40
051E:  MOVF   53,W
051F:  MOVWF  41
0520:  MOVF   3F,W
0521:  BTFSC  03.0
0522:  INCFSZ 3F,W
0523:  ADDWF  41,F
....................   // potencia = PID + setpoit; 
....................  
....................   // Limita a potęncia dentro de um intervalo mínimo 
....................   if (potencia < (potenciaMinima)) 
0524:  BTFSC  45.7
0525:  GOTO   52A
0526:  MOVF   51,W
0527:  SUBWF  45,W
0528:  BTFSC  03.0
0529:  GOTO   52C
....................     potencia = potenciaMinima; 
052A:  MOVF   51,W
052B:  MOVWF  45
....................  
....................   // Limita a potęncia para năo ultrapassar o valor de PID + setpoit 
....................   if (potencia > (PID + setpoit)) 
052C:  MOVF   42,W
052D:  ADDWF  40,W
052E:  MOVWF  52
052F:  MOVF   41,W
0530:  MOVWF  53
0531:  BTFSC  03.0
0532:  INCF   53,F
0533:  CLRF   7A
0534:  MOVF   45,W
0535:  MOVWF  77
0536:  BTFSC  77.7
0537:  DECF   7A,F
0538:  MOVWF  78
0539:  BTFSS  53.7
053A:  GOTO   53E
053B:  BTFSS  7A.7
053C:  GOTO   54A
053D:  GOTO   540
053E:  BTFSC  7A.7
053F:  GOTO   54C
0540:  MOVF   53,W
0541:  SUBWF  7A,W
0542:  BTFSS  03.0
0543:  GOTO   54C
0544:  BTFSS  03.2
0545:  GOTO   54A
0546:  MOVF   78,W
0547:  SUBWF  52,W
0548:  BTFSC  03.0
0549:  GOTO   54C
....................     potencia = potencia - 1; 
054A:  MOVLW  01
054B:  SUBWF  45,F
....................  
....................   // Aumenta a potęncia gradualmente até atingir PID + setpoit 
....................   if (potencia < (PID + setpoit)) 
054C:  MOVF   42,W
054D:  ADDWF  40,W
054E:  MOVWF  52
054F:  MOVF   41,W
0550:  MOVWF  53
0551:  BTFSC  03.0
0552:  INCF   53,F
0553:  CLRF   7A
0554:  MOVF   45,W
0555:  MOVWF  77
0556:  BTFSC  77.7
0557:  DECF   7A,F
0558:  MOVWF  78
0559:  BTFSS  7A.7
055A:  GOTO   55E
055B:  BTFSS  53.7
055C:  GOTO   569
055D:  GOTO   560
055E:  BTFSC  53.7
055F:  GOTO   56A
0560:  MOVF   7A,W
0561:  SUBWF  53,W
0562:  BTFSS  03.0
0563:  GOTO   56A
0564:  BTFSS  03.2
0565:  GOTO   569
0566:  MOVF   52,W
0567:  SUBWF  78,W
0568:  BTFSS  03.0
....................     potencia++; 
0569:  INCF   45,F
....................  
....................   // Limita a potęncia máxima em 100 
....................   if (potencia >= 100) 
056A:  BTFSC  45.7
056B:  GOTO   572
056C:  MOVF   45,W
056D:  SUBLW  63
056E:  BTFSC  03.0
056F:  GOTO   572
....................     potencia = 100; 
0570:  MOVLW  64
0571:  MOVWF  45
....................  
....................   // Limita a potęncia mínima em 0 
....................   if (potencia <= 0) 
0572:  BTFSC  45.7
0573:  GOTO   577
0574:  MOVF   45,W
0575:  SUBLW  00
0576:  BTFSC  03.0
....................     potencia = 0; 
0577:  CLRF   45
0578:  BSF    0A.3
0579:  BCF    0A.4
057A:  GOTO   11C (RETURN)
.................... } 
.................... ////////////////////////////////////////////////////////////////////////////////////////////////////////////// 
.................... // 
.................... int leitura(void) 
.................... { 
....................   long value; 
....................   set_adc_channel(0); // Configura o canal do ADC como 0 
*
0440:  MOVLW  00
0441:  MOVWF  78
0442:  MOVF   1F,W
0443:  ANDLW  C7
0444:  IORWF  78,W
0445:  MOVWF  1F
....................   delay_us(10);       // aguarda o tempo de estabilizaçăo 
0446:  MOVLW  02
0447:  MOVWF  77
0448:  DECFSZ 77,F
0449:  GOTO   448
044A:  GOTO   44B
044B:  NOP
....................   value = read_adc(); 
044C:  BSF    1F.2
044D:  BTFSC  1F.2
044E:  GOTO   44D
044F:  BSF    03.5
0450:  MOVF   1E,W
0451:  BCF    03.5
0452:  MOVWF  51
0453:  MOVF   1E,W
0454:  MOVWF  52
....................   value = value * 10;  // Lę o valor do ADC 
0455:  MOVF   52,W
0456:  MOVWF  54
0457:  MOVF   51,W
0458:  MOVWF  53
0459:  CLRF   56
045A:  MOVLW  0A
045B:  MOVWF  55
*
0470:  MOVF   79,W
0471:  MOVWF  52
0472:  MOVF   78,W
0473:  MOVWF  51
....................   value = value / 102; // Converte o valor para um inteiro 
0474:  MOVF   52,W
0475:  MOVWF  54
0476:  MOVF   51,W
0477:  MOVWF  53
0478:  CLRF   56
0479:  MOVLW  66
047A:  MOVWF  55
*
049F:  MOVF   79,W
04A0:  MOVWF  52
04A1:  MOVF   78,W
04A2:  MOVWF  51
....................   return value;        // Retorna o valor da leitura 
04A3:  MOVF   51,W
04A4:  MOVWF  78
04A5:  BSF    0A.3
04A6:  BCF    0A.4
04A7:  GOTO   112 (RETURN)
.................... } 
.................... ////////////////////////////////////////////////////////////////////////////////////////////////////////////// 
.................... // 
.................... float pwm(signed int potencia) 
*
057B:  CLRF   2B
057C:  BTFSC  0B.7
057D:  BSF    2B.7
057E:  BCF    0B.7
057F:  CLRF   6F
0580:  MOVF   44,W
0581:  MOVWF  6E
0582:  CALL   056
0583:  BTFSC  2B.7
0584:  BSF    0B.7
0585:  MOVF   7A,W
0586:  MOVWF  59
0587:  MOVF   79,W
0588:  MOVWF  58
0589:  MOVF   78,W
058A:  MOVWF  57
058B:  MOVF   77,W
058C:  MOVWF  56
058D:  CLRF   2B
058E:  BTFSC  0B.7
058F:  BSF    2B.7
0590:  BCF    0B.7
0591:  MOVF   59,W
0592:  MOVWF  76
0593:  MOVF   58,W
0594:  MOVWF  75
0595:  MOVF   57,W
0596:  MOVWF  74
0597:  MOVF   56,W
0598:  MOVWF  73
0599:  CLRF   7E
059A:  CLRF   7D
059B:  MOVLW  48
059C:  MOVWF  7C
059D:  MOVLW  85
059E:  MOVWF  7B
059F:  CALL   0FD
05A0:  BTFSC  2B.7
05A1:  BSF    0B.7
05A2:  MOVF   7A,W
05A3:  MOVWF  59
05A4:  MOVF   79,W
05A5:  MOVWF  58
05A6:  MOVF   78,W
05A7:  MOVWF  57
05A8:  MOVF   77,W
05A9:  MOVWF  56
05AA:  CLRF   5B
05AB:  MOVF   51,W
05AC:  MOVWF  5A
05AD:  BTFSC  5A.7
05AE:  DECF   5B,F
*
05D7:  MOVF   59,W
05D8:  MOVWF  71
05D9:  MOVF   58,W
05DA:  MOVWF  70
05DB:  MOVF   57,W
05DC:  MOVWF  6F
05DD:  MOVF   56,W
05DE:  MOVWF  6E
05DF:  MOVF   7A,W
05E0:  MOVWF  75
05E1:  MOVF   79,W
05E2:  MOVWF  74
05E3:  MOVF   78,W
05E4:  MOVWF  73
05E5:  MOVF   77,W
05E6:  MOVWF  72
05E7:  CALL   073
05E8:  BTFSC  2B.7
05E9:  BSF    0B.7
05EA:  MOVF   7A,W
05EB:  MOVWF  55
05EC:  MOVF   79,W
05ED:  MOVWF  54
05EE:  MOVF   78,W
05EF:  MOVWF  53
05F0:  MOVF   77,W
05F1:  MOVWF  52
.................... { 
....................   float temp = ((float)pwm_period / 100) * potencia; // Calcula o valor do duty cycle do PWM 
....................   return temp;                                       // Retorna o valor do duty cycle 
05F2:  MOVF   52,W
05F3:  MOVWF  77
05F4:  MOVF   53,W
05F5:  MOVWF  78
05F6:  MOVF   54,W
05F7:  MOVWF  79
05F8:  MOVF   55,W
05F9:  MOVWF  7A
05FA:  BSF    0A.3
05FB:  BCF    0A.4
05FC:  GOTO   121 (RETURN)
.................... } 
.................... ////////////////////////////////////////////////////////////////////////////////////////////////////////////// 
.................... // 
.................... void comtroleMotor(int duty, setpoit) 
.................... { 
....................   static int velocidadeManual = 0, limiteVelocidade = 120; // Variáveis estáticas para controle da velocidade manual 
....................  
....................   if (sobe && !Limit_superior) // Verifica se o botăo de subir está pressionado e se năo atingiu o limite superior 
*
075A:  BTFSS  05.4
075B:  GOTO   76D
075C:  BTFSC  05.1
075D:  GOTO   76D
....................   { 
....................     funcao = 1;                                // Define a funçăo como subir 
075E:  MOVLW  01
075F:  MOVWF  48
....................     set_pwm1_duty(velocidadeManual);           // Define o duty cycle do PWM como a velocidade manual 
0760:  MOVF   4D,W
0761:  MOVWF  15
....................     inverteMotor;                              // Inverte o sentido do motor 
0762:  BSF    03.5
0763:  BCF    09.2
0764:  BCF    03.5
0765:  BSF    09.2
....................     if (velocidadeManual < limiteVelocidade)   // Verifica se a velocidade manual está abaixo do limite máximo 
0766:  MOVF   4E,W
0767:  SUBWF  4D,W
0768:  BTFSC  03.0
0769:  GOTO   76C
....................       velocidadeManual = velocidadeManual + 5; // Aumenta a velocidade manual em 5 
076A:  MOVLW  05
076B:  ADDWF  4D,F
....................   } 
076C:  GOTO   79F
....................   else if (desce && !Limit_inferior) // Verifica se o botăo de descer está pressionado e se năo atingiu o limite inferior 
076D:  BTFSS  05.5
076E:  GOTO   77C
076F:  BTFSC  05.2
0770:  GOTO   77C
....................   { 
....................     funcao = 2;                                // Define a funçăo como descer 
0771:  MOVLW  02
0772:  MOVWF  48
....................     set_pwm1_duty(velocidadeManual);           // Define o duty cycle do PWM como a velocidade manual 
0773:  MOVF   4D,W
0774:  MOVWF  15
....................     if (velocidadeManual < limiteVelocidade)   // Verifica se a velocidade manual está abaixo do limite máximo 
0775:  MOVF   4E,W
0776:  SUBWF  4D,W
0777:  BTFSC  03.0
0778:  GOTO   77B
....................       velocidadeManual = velocidadeManual + 5; // Aumenta a velocidade manual em 5 
0779:  MOVLW  05
077A:  ADDWF  4D,F
....................   } 
077B:  GOTO   79F
....................   else 
....................   { 
....................     if (liga && habilita && !Limit_inferior) // Verifica se os botőes de ligar e habilitar estăo pressionados e se năo atingiu o limite inferior 
077C:  BSF    03.5
077D:  BSF    09.0
077E:  BCF    03.5
077F:  BTFSS  09.0
0780:  GOTO   78F
0781:  BTFSS  05.3
0782:  GOTO   78F
0783:  BTFSC  05.2
0784:  GOTO   78F
....................     { 
....................       if (!setpoit)        // Verifica se o setpoint é igual a 0 
0785:  MOVF   52,F
0786:  BTFSC  03.2
....................         funcao = 0;        // Define a funçăo como parar 
0787:  CLRF   48
....................       desinverteMotor;     // Desinverte o sentido do motor 
0788:  BSF    03.5
0789:  BCF    09.2
078A:  BCF    03.5
078B:  BCF    09.2
....................       set_pwm1_duty(duty); // Define o duty cycle do PWM como o valor do controle 
078C:  MOVF   51,W
078D:  MOVWF  15
....................     } 
078E:  GOTO   79F
....................     else 
....................     { 
....................       set_pwm1_duty(0); // Define o duty cycle do PWM como 0 
078F:  CLRF   15
....................       potencia = 0;     // Define a potęncia como 0 
0790:  CLRF   45
....................       if (funcao == 1)  // Verifica se a funçăo era de subir 
0791:  DECFSZ 48,W
0792:  GOTO   79F
....................       { 
....................         delay_ms(300);   // Pequeno atraso de 300ms 
0793:  MOVLW  02
0794:  MOVWF  53
0795:  MOVLW  96
0796:  MOVWF  5B
0797:  CALL   307
0798:  DECFSZ 53,F
0799:  GOTO   795
....................         funcao = 0;      // Define a funçăo como parar 
079A:  CLRF   48
....................         desinverteMotor; // Desinverte o sentido do motor 
079B:  BSF    03.5
079C:  BCF    09.2
079D:  BCF    03.5
079E:  BCF    09.2
....................       } 
....................     } 
....................   } 
079F:  BSF    0A.3
07A0:  BCF    0A.4
07A1:  GOTO   14A (RETURN)
.................... } 
.................... ////////////////////////////////////////////////////////////////////////////////////////////////////////////// 
.................... // 
.................... void contagem(void) 
.................... { 
....................   static int flag = 0; // Variável estática para controle da contagem 
....................  
....................   if ((menu) || (contador > 30000)) // Verifica se o botăo de menu está pressionado 
*
05FD:  BSF    4C.0
05FE:  MOVF   4C,W
05FF:  BSF    03.5
0600:  MOVWF  07
0601:  BCF    03.5
0602:  BTFSC  07.0
0603:  GOTO   60F
0604:  MOVF   31,W
0605:  SUBLW  74
0606:  BTFSC  03.0
0607:  GOTO   611
0608:  XORLW  FF
0609:  BTFSS  03.2
060A:  GOTO   60F
060B:  MOVF   30,W
060C:  SUBLW  30
060D:  BTFSC  03.0
060E:  GOTO   611
....................     contador = 0;                   // Define o contador temporário como 0 
060F:  CLRF   31
0610:  CLRF   30
....................  
....................   if (conte) // Verifica se o botăo de contagem está pressionado 
0611:  BSF    03.5
0612:  BSF    09.1
0613:  BCF    03.5
0614:  BTFSS  09.1
0615:  GOTO   622
....................   { 
....................     if (!flag)    // Verifica se o flag é 0 
0616:  MOVF   4F,F
0617:  BTFSS  03.2
0618:  GOTO   61C
....................       contador++; // Incrementa o contador temporário 
0619:  INCF   30,F
061A:  BTFSC  03.2
061B:  INCF   31,F
....................     delay_ms(3); 
061C:  MOVLW  03
061D:  MOVWF  5B
061E:  CALL   307
....................     flag = 1; // Define o flag como 1 
061F:  MOVLW  01
0620:  MOVWF  4F
....................   } 
0621:  GOTO   623
....................   else 
....................     flag = 0; // Define o flag como 0 
0622:  CLRF   4F
0623:  BSF    0A.3
0624:  BCF    0A.4
0625:  GOTO   137 (RETURN)
.................... } 
.................... ////////////////////////////////////////////////////////////////////////////////////////////////////////////// 
.................... // 
.................... void escreveMemoria(int16 variavel) 
*
0800:  CLRF   55
.................... { 
....................   int byteBaixo, byteAlto, endereco = 0; // Variáveis para armazenar os bytes baixo e alto da variável e o endereço da memória 
....................  
....................   byteBaixo = variavel & 0xFF; // Obtém o byte baixo da variável 
0801:  MOVF   51,W
0802:  MOVWF  53
....................   byteAlto = variavel >> 8;    // Obtém o byte alto da variável 
0803:  MOVF   52,W
0804:  MOVWF  54
....................  
....................   write_eeprom(endereco, byteBaixo);    // Escreve o byte baixo na memória EEPROM 
0805:  MOVF   0B,W
0806:  MOVWF  77
0807:  BCF    0B.7
0808:  MOVF   55,W
0809:  BSF    03.6
080A:  MOVWF  0D
080B:  BCF    03.6
080C:  MOVF   53,W
080D:  BSF    03.6
080E:  MOVWF  0C
080F:  BSF    03.5
0810:  BCF    0C.7
0811:  BSF    0C.2
0812:  MOVLW  55
0813:  MOVWF  0D
0814:  MOVLW  AA
0815:  MOVWF  0D
0816:  BSF    0C.1
0817:  BTFSC  0C.1
0818:  GOTO   017
0819:  BCF    0C.2
081A:  MOVF   77,W
081B:  BCF    03.5
081C:  BCF    03.6
081D:  IORWF  0B,F
....................   write_eeprom(endereco + 1, byteAlto); // Escreve o byte alto na memória EEPROM 
081E:  MOVLW  01
081F:  ADDWF  55,W
0820:  MOVWF  56
0821:  MOVF   0B,W
0822:  MOVWF  77
0823:  BCF    0B.7
0824:  MOVF   56,W
0825:  BSF    03.6
0826:  MOVWF  0D
0827:  BCF    03.6
0828:  MOVF   54,W
0829:  BSF    03.6
082A:  MOVWF  0C
082B:  BSF    03.5
082C:  BCF    0C.7
082D:  BSF    0C.2
082E:  MOVLW  55
082F:  MOVWF  0D
0830:  MOVLW  AA
0831:  MOVWF  0D
0832:  BSF    0C.1
0833:  BTFSC  0C.1
0834:  GOTO   033
0835:  BCF    0C.2
0836:  MOVF   77,W
0837:  BCF    03.5
0838:  BCF    03.6
0839:  IORWF  0B,F
....................  
....................   if (menu) // Verifica se o botăo de menu está pressionado 
083A:  BSF    4C.0
083B:  MOVF   4C,W
083C:  BSF    03.5
083D:  MOVWF  07
083E:  BCF    03.5
083F:  BTFSS  07.0
0840:  GOTO   070
....................   { 
....................     write_eeprom(endereco, 0);     // Escreve 0 na posiçăo de memória 
0841:  MOVF   0B,W
0842:  MOVWF  77
0843:  BCF    0B.7
0844:  MOVF   55,W
0845:  BSF    03.6
0846:  MOVWF  0D
0847:  CLRF   0C
0848:  BSF    03.5
0849:  BCF    0C.7
084A:  BSF    0C.2
084B:  MOVLW  55
084C:  MOVWF  0D
084D:  MOVLW  AA
084E:  MOVWF  0D
084F:  BSF    0C.1
0850:  BTFSC  0C.1
0851:  GOTO   050
0852:  BCF    0C.2
0853:  MOVF   77,W
0854:  BCF    03.5
0855:  BCF    03.6
0856:  IORWF  0B,F
....................     write_eeprom(endereco + 1, 0); // Escreve 0 na posiçăo de memória 
0857:  MOVLW  01
0858:  ADDWF  55,W
0859:  MOVWF  56
085A:  MOVF   0B,W
085B:  MOVWF  77
085C:  BCF    0B.7
085D:  MOVF   56,W
085E:  BSF    03.6
085F:  MOVWF  0D
0860:  CLRF   0C
0861:  BSF    03.5
0862:  BCF    0C.7
0863:  BSF    0C.2
0864:  MOVLW  55
0865:  MOVWF  0D
0866:  MOVLW  AA
0867:  MOVWF  0D
0868:  BSF    0C.1
0869:  BTFSC  0C.1
086A:  GOTO   069
086B:  BCF    0C.2
086C:  MOVF   77,W
086D:  BCF    03.5
086E:  BCF    03.6
086F:  IORWF  0B,F
....................   } 
0870:  BSF    0A.3
0871:  BCF    0A.4
0872:  GOTO   155 (RETURN)
.................... } 
.................... ////////////////////////////////////////////////////////////////////////////////////////////////////////////// 
.................... // 
.................... int16 lerMemoria(void) 
*
02E5:  CLRF   55
.................... { 
....................   int16 memoria; 
....................   int byteBaixo, byteAlto, endereco = 0; // Variáveis para armazenar os bytes baixo e alto da variável e o endereço da memória 
....................  
....................   byteBaixo = read_eeprom(endereco);    // Lę o byte baixo da memória EEPROM 
02E6:  MOVF   55,W
02E7:  BSF    03.6
02E8:  MOVWF  0D
02E9:  BSF    03.5
02EA:  BCF    0C.7
02EB:  BSF    0C.0
02EC:  BCF    03.5
02ED:  MOVF   0C,W
02EE:  BCF    03.6
02EF:  MOVWF  53
....................   byteAlto = read_eeprom(endereco + 1); // Lę o byte alto da memória EEPROM 
02F0:  MOVLW  01
02F1:  ADDWF  55,W
02F2:  MOVWF  56
02F3:  MOVF   56,W
02F4:  BSF    03.6
02F5:  MOVWF  0D
02F6:  BSF    03.5
02F7:  BCF    0C.7
02F8:  BSF    0C.0
02F9:  BCF    03.5
02FA:  MOVF   0C,W
02FB:  BCF    03.6
02FC:  MOVWF  54
....................  
....................   memoria = byteAlto << 8; // Combina os bytes baixo e alto em uma variável de 16 bits 
02FD:  MOVF   54,W
02FE:  MOVWF  52
02FF:  CLRF   51
....................   memoria |= byteBaixo; 
0300:  MOVF   53,W
0301:  IORWF  51,F
....................  
....................   return memoria; // Retorna o valor armazenado na memória EEPROM 
0302:  MOVF   51,W
0303:  MOVWF  78
0304:  MOVF   52,W
0305:  MOVWF  79
0306:  RETURN
.................... } 
.................... ////////////////////////////////////////////////////////////////////////////////////////////////////////////// 
.................... // 
.................... void modo(int funcao) 
.................... { 
....................   switch (funcao) 
....................   { 
....................   case 0: 
....................     lcd_gotoxy(1, 1);                             // Posiciona o cursor na primeira linha, primeira coluna 
....................     printf(lcd_putc, "\fVelocidade %u", setpoit); // Imprime a velocidade no display 
....................  
....................     lcd_gotoxy(1, 2);                            // Posiciona o cursor na segunda linha, primeira coluna 
....................     printf(lcd_putc, "Contador %lu ", contador); // Imprime o contador no display 
....................     break; 
....................  
....................   case 1: 
....................     printf(lcd_putc, "\fvelocidade %u\n sobe", setpoit); // Imprime a velocidade e a açăo de subir no display 
....................     break; 
....................  
....................   case 2: 
....................     printf(lcd_putc, "\fvelocidade %u\n desce", setpoit); // Imprime a velocidade e a açăo de descer no display 
....................     break; 
....................  
....................   case 3: 
....................     printf(lcd_putc, "\fvelocidade %u\n limite inferior", setpoit); // Imprime a velocidade e a indicaçăo de limite inferior no display 
....................     break; 
....................  
....................   case 4: 
....................     printf(lcd_putc, "\fvelocidade %u\n desce", setpoit); // Imprime a velocidade e a açăo de descer no display 
....................     break; 
....................   } 
.................... } 
.................... ////////////////////////////////////////////////////////////////////////////////////////////////////////////// 
.................... // 
.................... void atualizaDisplay(void) 
.................... { 
....................   static int t = 0; // Variável estática para controle de tempo 
....................   t++;              // Incrementa o valor de t 
*
0692:  INCF   50,F
....................   if (t == 6)       // Verifica se o valor de t é igual a 6 
0693:  MOVF   50,W
0694:  SUBLW  06
0695:  BTFSS  03.2
0696:  GOTO   757
....................   { 
....................     t = 0;                                        // Reinicia o valor de t 
0697:  CLRF   50
....................     lcd_gotoxy(1, 1);                             // Posiciona o cursor na primeira linha, primeira coluna 
0698:  MOVLW  01
0699:  MOVWF  5B
069A:  MOVWF  5C
069B:  CALL   3AC
....................     printf(lcd_putc, "\fVelocidade %u", setpoit); // Imprime a velocidade e o duty cycle no display 
069C:  MOVLW  D6
069D:  BSF    03.6
069E:  MOVWF  0D
069F:  MOVLW  02
06A0:  MOVWF  0F
06A1:  BCF    03.0
06A2:  MOVLW  0C
06A3:  BCF    03.6
06A4:  MOVWF  51
06A5:  CALL   626
06A6:  MOVF   42,W
06A7:  MOVWF  51
06A8:  MOVLW  1B
06A9:  MOVWF  52
....................  
....................     lcd_gotoxy(1, 2);                            // Posiciona o cursor na segunda linha, primeira coluna 
*
06DD:  MOVLW  01
06DE:  MOVWF  5B
06DF:  MOVLW  02
06E0:  MOVWF  5C
06E1:  CALL   3AC
....................     printf(lcd_putc, "Contagem %lu ", contador); // Imprime a frequęncia no display 
06E2:  MOVLW  DE
06E3:  BSF    03.6
06E4:  MOVWF  0D
06E5:  MOVLW  02
06E6:  MOVWF  0F
06E7:  BCF    03.0
06E8:  MOVLW  09
06E9:  BCF    03.6
06EA:  MOVWF  51
06EB:  CALL   626
06EC:  MOVLW  10
06ED:  MOVWF  04
06EE:  MOVF   31,W
06EF:  MOVWF  52
06F0:  MOVF   30,W
06F1:  MOVWF  51
*
0754:  MOVLW  20
0755:  MOVWF  5A
0756:  CALL   3BE
....................   } 
0757:  BSF    0A.3
0758:  BCF    0A.4
0759:  GOTO   143 (RETURN)
.................... } 
.................... ////////////////////////////////////////////////////////////////////////////////////////////////////////////// 
.................... // 

Configuration Fuses:
   Word  1: 3F35   XT WDT PUT NOBROWNOUT NOLVP NOCPD NOWRT NODEBUG NOPROTECT
